ERROR - 2023-04-04 04:54:01 --> ErrorException: pg_query(): Query failed: ERROR:  column &quot;otp&quot; of relation &quot;users&quot; does not exist
LINE 1: ...ddress&quot;, &quot;password&quot;, &quot;phone_number&quot;, &quot;user_name&quot;, &quot;otp&quot;, &quot;to...
                                                             ^ in /var/www/html/kuliah/Project_finish/Kampus_project_end/vendor/codeigniter4/framework/system/Database/Postgre/Connection.php:147
Stack trace:
#0 [internal function]: CodeIgniter\Debug\Exceptions->errorHandler()
#1 /var/www/html/kuliah/Project_finish/Kampus_project_end/vendor/codeigniter4/framework/system/Database/Postgre/Connection.php(147): pg_query()
#2 /var/www/html/kuliah/Project_finish/Kampus_project_end/vendor/codeigniter4/framework/system/Database/BaseConnection.php(691): CodeIgniter\Database\Postgre\Connection->execute()
#3 /var/www/html/kuliah/Project_finish/Kampus_project_end/vendor/codeigniter4/framework/system/Database/BaseConnection.php(605): CodeIgniter\Database\BaseConnection->simpleQuery()
#4 /var/www/html/kuliah/Project_finish/Kampus_project_end/vendor/codeigniter4/framework/system/Database/BaseBuilder.php(2309): CodeIgniter\Database\BaseConnection->query()
#5 /var/www/html/kuliah/Project_finish/Kampus_project_end/vendor/codeigniter4/framework/system/Model.php(330): CodeIgniter\Database\BaseBuilder->insert()
#6 /var/www/html/kuliah/Project_finish/Kampus_project_end/vendor/codeigniter4/framework/system/BaseModel.php(782): CodeIgniter\Model->doInsert()
#7 /var/www/html/kuliah/Project_finish/Kampus_project_end/vendor/codeigniter4/framework/system/Model.php(730): CodeIgniter\BaseModel->insert()
#8 /var/www/html/kuliah/Project_finish/Kampus_project_end/vendor/codeigniter4/framework/system/BaseModel.php(692): CodeIgniter\Model->insert()
#9 /var/www/html/kuliah/Project_finish/Kampus_project_end/app/Controllers/UserController.php(123): CodeIgniter\BaseModel->save()
#10 /var/www/html/kuliah/Project_finish/Kampus_project_end/vendor/codeigniter4/framework/system/CodeIgniter.php(934): App\Controllers\UserController->Register()
#11 /var/www/html/kuliah/Project_finish/Kampus_project_end/vendor/codeigniter4/framework/system/CodeIgniter.php(499): CodeIgniter\CodeIgniter->runController()
#12 /var/www/html/kuliah/Project_finish/Kampus_project_end/vendor/codeigniter4/framework/system/CodeIgniter.php(368): CodeIgniter\CodeIgniter->handleRequest()
#13 /var/www/html/kuliah/Project_finish/Kampus_project_end/public/index.php(67): CodeIgniter\CodeIgniter->run()
#14 /var/www/html/kuliah/Project_finish/Kampus_project_end/vendor/codeigniter4/framework/system/Commands/Server/rewrite.php(47): require_once('/var/www/html/k...')
#15 {main}
CRITICAL - 2023-04-04 04:54:01 --> pg_query(): Query failed: ERROR:  column &quot;otp&quot; of relation &quot;users&quot; does not exist
LINE 1: ...ddress&quot;, &quot;password&quot;, &quot;phone_number&quot;, &quot;user_name&quot;, &quot;otp&quot;, &quot;to...
                                                             ^
in SYSTEMPATH/Database/Postgre/Connection.php on line 147.
 1 [internal function]: CodeIgniter\Debug\Exceptions->errorHandler()
 2 SYSTEMPATH/Database/Postgre/Connection.php(147): pg_query()
 3 SYSTEMPATH/Database/BaseConnection.php(691): CodeIgniter\Database\Postgre\Connection->execute()
 4 SYSTEMPATH/Database/BaseConnection.php(605): CodeIgniter\Database\BaseConnection->simpleQuery()
 5 SYSTEMPATH/Database/BaseBuilder.php(2309): CodeIgniter\Database\BaseConnection->query()
 6 SYSTEMPATH/Model.php(330): CodeIgniter\Database\BaseBuilder->insert()
 7 SYSTEMPATH/BaseModel.php(782): CodeIgniter\Model->doInsert()
 8 SYSTEMPATH/Model.php(730): CodeIgniter\BaseModel->insert()
 9 SYSTEMPATH/BaseModel.php(692): CodeIgniter\Model->insert()
10 APPPATH/Controllers/UserController.php(123): CodeIgniter\BaseModel->save()
11 SYSTEMPATH/CodeIgniter.php(934): App\Controllers\UserController->Register()
12 SYSTEMPATH/CodeIgniter.php(499): CodeIgniter\CodeIgniter->runController()
13 SYSTEMPATH/CodeIgniter.php(368): CodeIgniter\CodeIgniter->handleRequest()
14 FCPATH/index.php(67): CodeIgniter\CodeIgniter->run()
15 SYSTEMPATH/Commands/Server/rewrite.php(47): require_once('/var/www/html/kuliah/Project_finish/Kampus_project_end/public/index.php')
ERROR - 2023-04-04 04:54:44 --> ErrorException: pg_query(): Query failed: ERROR:  column &quot;otp&quot; of relation &quot;users&quot; does not exist
LINE 1: ...ddress&quot;, &quot;password&quot;, &quot;phone_number&quot;, &quot;user_name&quot;, &quot;otp&quot;, &quot;to...
                                                             ^ in /var/www/html/kuliah/Project_finish/Kampus_project_end/vendor/codeigniter4/framework/system/Database/Postgre/Connection.php:147
Stack trace:
#0 [internal function]: CodeIgniter\Debug\Exceptions->errorHandler()
#1 /var/www/html/kuliah/Project_finish/Kampus_project_end/vendor/codeigniter4/framework/system/Database/Postgre/Connection.php(147): pg_query()
#2 /var/www/html/kuliah/Project_finish/Kampus_project_end/vendor/codeigniter4/framework/system/Database/BaseConnection.php(691): CodeIgniter\Database\Postgre\Connection->execute()
#3 /var/www/html/kuliah/Project_finish/Kampus_project_end/vendor/codeigniter4/framework/system/Database/BaseConnection.php(605): CodeIgniter\Database\BaseConnection->simpleQuery()
#4 /var/www/html/kuliah/Project_finish/Kampus_project_end/vendor/codeigniter4/framework/system/Database/BaseBuilder.php(2309): CodeIgniter\Database\BaseConnection->query()
#5 /var/www/html/kuliah/Project_finish/Kampus_project_end/vendor/codeigniter4/framework/system/Model.php(330): CodeIgniter\Database\BaseBuilder->insert()
#6 /var/www/html/kuliah/Project_finish/Kampus_project_end/vendor/codeigniter4/framework/system/BaseModel.php(782): CodeIgniter\Model->doInsert()
#7 /var/www/html/kuliah/Project_finish/Kampus_project_end/vendor/codeigniter4/framework/system/Model.php(730): CodeIgniter\BaseModel->insert()
#8 /var/www/html/kuliah/Project_finish/Kampus_project_end/vendor/codeigniter4/framework/system/BaseModel.php(692): CodeIgniter\Model->insert()
#9 /var/www/html/kuliah/Project_finish/Kampus_project_end/app/Controllers/UserController.php(123): CodeIgniter\BaseModel->save()
#10 /var/www/html/kuliah/Project_finish/Kampus_project_end/vendor/codeigniter4/framework/system/CodeIgniter.php(934): App\Controllers\UserController->Register()
#11 /var/www/html/kuliah/Project_finish/Kampus_project_end/vendor/codeigniter4/framework/system/CodeIgniter.php(499): CodeIgniter\CodeIgniter->runController()
#12 /var/www/html/kuliah/Project_finish/Kampus_project_end/vendor/codeigniter4/framework/system/CodeIgniter.php(368): CodeIgniter\CodeIgniter->handleRequest()
#13 /var/www/html/kuliah/Project_finish/Kampus_project_end/public/index.php(67): CodeIgniter\CodeIgniter->run()
#14 /var/www/html/kuliah/Project_finish/Kampus_project_end/vendor/codeigniter4/framework/system/Commands/Server/rewrite.php(47): require_once('/var/www/html/k...')
#15 {main}
CRITICAL - 2023-04-04 04:54:44 --> pg_query(): Query failed: ERROR:  column &quot;otp&quot; of relation &quot;users&quot; does not exist
LINE 1: ...ddress&quot;, &quot;password&quot;, &quot;phone_number&quot;, &quot;user_name&quot;, &quot;otp&quot;, &quot;to...
                                                             ^
in SYSTEMPATH/Database/Postgre/Connection.php on line 147.
 1 [internal function]: CodeIgniter\Debug\Exceptions->errorHandler()
 2 SYSTEMPATH/Database/Postgre/Connection.php(147): pg_query()
 3 SYSTEMPATH/Database/BaseConnection.php(691): CodeIgniter\Database\Postgre\Connection->execute()
 4 SYSTEMPATH/Database/BaseConnection.php(605): CodeIgniter\Database\BaseConnection->simpleQuery()
 5 SYSTEMPATH/Database/BaseBuilder.php(2309): CodeIgniter\Database\BaseConnection->query()
 6 SYSTEMPATH/Model.php(330): CodeIgniter\Database\BaseBuilder->insert()
 7 SYSTEMPATH/BaseModel.php(782): CodeIgniter\Model->doInsert()
 8 SYSTEMPATH/Model.php(730): CodeIgniter\BaseModel->insert()
 9 SYSTEMPATH/BaseModel.php(692): CodeIgniter\Model->insert()
10 APPPATH/Controllers/UserController.php(123): CodeIgniter\BaseModel->save()
11 SYSTEMPATH/CodeIgniter.php(934): App\Controllers\UserController->Register()
12 SYSTEMPATH/CodeIgniter.php(499): CodeIgniter\CodeIgniter->runController()
13 SYSTEMPATH/CodeIgniter.php(368): CodeIgniter\CodeIgniter->handleRequest()
14 FCPATH/index.php(67): CodeIgniter\CodeIgniter->run()
15 SYSTEMPATH/Commands/Server/rewrite.php(47): require_once('/var/www/html/kuliah/Project_finish/Kampus_project_end/public/index.php')
ERROR - 2023-04-04 04:54:50 --> ErrorException: pg_query(): Query failed: ERROR:  column &quot;otp&quot; of relation &quot;users&quot; does not exist
LINE 1: ...ddress&quot;, &quot;password&quot;, &quot;phone_number&quot;, &quot;user_name&quot;, &quot;otp&quot;, &quot;to...
                                                             ^ in /var/www/html/kuliah/Project_finish/Kampus_project_end/vendor/codeigniter4/framework/system/Database/Postgre/Connection.php:147
Stack trace:
#0 [internal function]: CodeIgniter\Debug\Exceptions->errorHandler()
#1 /var/www/html/kuliah/Project_finish/Kampus_project_end/vendor/codeigniter4/framework/system/Database/Postgre/Connection.php(147): pg_query()
#2 /var/www/html/kuliah/Project_finish/Kampus_project_end/vendor/codeigniter4/framework/system/Database/BaseConnection.php(691): CodeIgniter\Database\Postgre\Connection->execute()
#3 /var/www/html/kuliah/Project_finish/Kampus_project_end/vendor/codeigniter4/framework/system/Database/BaseConnection.php(605): CodeIgniter\Database\BaseConnection->simpleQuery()
#4 /var/www/html/kuliah/Project_finish/Kampus_project_end/vendor/codeigniter4/framework/system/Database/BaseBuilder.php(2309): CodeIgniter\Database\BaseConnection->query()
#5 /var/www/html/kuliah/Project_finish/Kampus_project_end/vendor/codeigniter4/framework/system/Model.php(330): CodeIgniter\Database\BaseBuilder->insert()
#6 /var/www/html/kuliah/Project_finish/Kampus_project_end/vendor/codeigniter4/framework/system/BaseModel.php(782): CodeIgniter\Model->doInsert()
#7 /var/www/html/kuliah/Project_finish/Kampus_project_end/vendor/codeigniter4/framework/system/Model.php(730): CodeIgniter\BaseModel->insert()
#8 /var/www/html/kuliah/Project_finish/Kampus_project_end/vendor/codeigniter4/framework/system/BaseModel.php(692): CodeIgniter\Model->insert()
#9 /var/www/html/kuliah/Project_finish/Kampus_project_end/app/Controllers/UserController.php(123): CodeIgniter\BaseModel->save()
#10 /var/www/html/kuliah/Project_finish/Kampus_project_end/vendor/codeigniter4/framework/system/CodeIgniter.php(934): App\Controllers\UserController->Register()
#11 /var/www/html/kuliah/Project_finish/Kampus_project_end/vendor/codeigniter4/framework/system/CodeIgniter.php(499): CodeIgniter\CodeIgniter->runController()
#12 /var/www/html/kuliah/Project_finish/Kampus_project_end/vendor/codeigniter4/framework/system/CodeIgniter.php(368): CodeIgniter\CodeIgniter->handleRequest()
#13 /var/www/html/kuliah/Project_finish/Kampus_project_end/public/index.php(67): CodeIgniter\CodeIgniter->run()
#14 /var/www/html/kuliah/Project_finish/Kampus_project_end/vendor/codeigniter4/framework/system/Commands/Server/rewrite.php(47): require_once('/var/www/html/k...')
#15 {main}
CRITICAL - 2023-04-04 04:54:50 --> pg_query(): Query failed: ERROR:  column &quot;otp&quot; of relation &quot;users&quot; does not exist
LINE 1: ...ddress&quot;, &quot;password&quot;, &quot;phone_number&quot;, &quot;user_name&quot;, &quot;otp&quot;, &quot;to...
                                                             ^
in SYSTEMPATH/Database/Postgre/Connection.php on line 147.
 1 [internal function]: CodeIgniter\Debug\Exceptions->errorHandler()
 2 SYSTEMPATH/Database/Postgre/Connection.php(147): pg_query()
 3 SYSTEMPATH/Database/BaseConnection.php(691): CodeIgniter\Database\Postgre\Connection->execute()
 4 SYSTEMPATH/Database/BaseConnection.php(605): CodeIgniter\Database\BaseConnection->simpleQuery()
 5 SYSTEMPATH/Database/BaseBuilder.php(2309): CodeIgniter\Database\BaseConnection->query()
 6 SYSTEMPATH/Model.php(330): CodeIgniter\Database\BaseBuilder->insert()
 7 SYSTEMPATH/BaseModel.php(782): CodeIgniter\Model->doInsert()
 8 SYSTEMPATH/Model.php(730): CodeIgniter\BaseModel->insert()
 9 SYSTEMPATH/BaseModel.php(692): CodeIgniter\Model->insert()
10 APPPATH/Controllers/UserController.php(123): CodeIgniter\BaseModel->save()
11 SYSTEMPATH/CodeIgniter.php(934): App\Controllers\UserController->Register()
12 SYSTEMPATH/CodeIgniter.php(499): CodeIgniter\CodeIgniter->runController()
13 SYSTEMPATH/CodeIgniter.php(368): CodeIgniter\CodeIgniter->handleRequest()
14 FCPATH/index.php(67): CodeIgniter\CodeIgniter->run()
15 SYSTEMPATH/Commands/Server/rewrite.php(47): require_once('/var/www/html/kuliah/Project_finish/Kampus_project_end/public/index.php')
