CRITICAL - 2023-03-27 08:22:11 --> Class "App\Models\Model_latihan1" not found
in APPPATH\Controllers\Latihan1.php on line 18.
 1 SYSTEMPATH\CodeIgniter.php(934): App\Controllers\Latihan1->penjumlahan('2', '6')
 2 SYSTEMPATH\CodeIgniter.php(499): CodeIgniter\CodeIgniter->runController(Object(App\Controllers\Latihan1))
 3 SYSTEMPATH\CodeIgniter.php(368): CodeIgniter\CodeIgniter->handleRequest(null, Object(Config\Cache), false)
 4 FCPATH\index.php(67): CodeIgniter\CodeIgniter->run()
 5 SYSTEMPATH\Commands\Server\rewrite.php(47): require_once('FCPATH\\index.php')
CRITICAL - 2023-03-27 08:25:36 --> Class "App\Models\Model_latihan1" not found
in APPPATH\Controllers\Latihan1.php on line 18.
 1 SYSTEMPATH\CodeIgniter.php(934): App\Controllers\Latihan1->penjumlahan('2', '6')
 2 SYSTEMPATH\CodeIgniter.php(499): CodeIgniter\CodeIgniter->runController(Object(App\Controllers\Latihan1))
 3 SYSTEMPATH\CodeIgniter.php(368): CodeIgniter\CodeIgniter->handleRequest(null, Object(Config\Cache), false)
 4 FCPATH\index.php(67): CodeIgniter\CodeIgniter->run()
 5 SYSTEMPATH\Commands\Server\rewrite.php(47): require_once('FCPATH\\index.php')
CRITICAL - 2023-03-27 08:25:37 --> Class "App\Models\Model_latihan1" not found
in APPPATH\Controllers\Latihan1.php on line 18.
 1 SYSTEMPATH\CodeIgniter.php(934): App\Controllers\Latihan1->penjumlahan('2', '6')
 2 SYSTEMPATH\CodeIgniter.php(499): CodeIgniter\CodeIgniter->runController(Object(App\Controllers\Latihan1))
 3 SYSTEMPATH\CodeIgniter.php(368): CodeIgniter\CodeIgniter->handleRequest(null, Object(Config\Cache), false)
 4 FCPATH\index.php(67): CodeIgniter\CodeIgniter->run()
 5 SYSTEMPATH\Commands\Server\rewrite.php(47): require_once('FCPATH\\index.php')
CRITICAL - 2023-03-27 08:25:37 --> Class "App\Models\Model_latihan1" not found
in APPPATH\Controllers\Latihan1.php on line 18.
 1 SYSTEMPATH\CodeIgniter.php(934): App\Controllers\Latihan1->penjumlahan('2', '6')
 2 SYSTEMPATH\CodeIgniter.php(499): CodeIgniter\CodeIgniter->runController(Object(App\Controllers\Latihan1))
 3 SYSTEMPATH\CodeIgniter.php(368): CodeIgniter\CodeIgniter->handleRequest(null, Object(Config\Cache), false)
 4 FCPATH\index.php(67): CodeIgniter\CodeIgniter->run()
 5 SYSTEMPATH\Commands\Server\rewrite.php(47): require_once('FCPATH\\index.php')
CRITICAL - 2023-03-27 08:25:38 --> Class "App\Models\Model_latihan1" not found
in APPPATH\Controllers\Latihan1.php on line 18.
 1 SYSTEMPATH\CodeIgniter.php(934): App\Controllers\Latihan1->penjumlahan('2', '6')
 2 SYSTEMPATH\CodeIgniter.php(499): CodeIgniter\CodeIgniter->runController(Object(App\Controllers\Latihan1))
 3 SYSTEMPATH\CodeIgniter.php(368): CodeIgniter\CodeIgniter->handleRequest(null, Object(Config\Cache), false)
 4 FCPATH\index.php(67): CodeIgniter\CodeIgniter->run()
 5 SYSTEMPATH\Commands\Server\rewrite.php(47): require_once('FCPATH\\index.php')
CRITICAL - 2023-03-27 08:25:38 --> Class "App\Models\Model_latihan1" not found
in APPPATH\Controllers\Latihan1.php on line 18.
 1 SYSTEMPATH\CodeIgniter.php(934): App\Controllers\Latihan1->penjumlahan('2', '6')
 2 SYSTEMPATH\CodeIgniter.php(499): CodeIgniter\CodeIgniter->runController(Object(App\Controllers\Latihan1))
 3 SYSTEMPATH\CodeIgniter.php(368): CodeIgniter\CodeIgniter->handleRequest(null, Object(Config\Cache), false)
 4 FCPATH\index.php(67): CodeIgniter\CodeIgniter->run()
 5 SYSTEMPATH\Commands\Server\rewrite.php(47): require_once('FCPATH\\index.php')
CRITICAL - 2023-03-27 08:26:18 --> Class "App\Models\Model_latihan1" not found
in APPPATH\Controllers\Latihan1.php on line 18.
 1 SYSTEMPATH\CodeIgniter.php(934): App\Controllers\Latihan1->penjumlahan('2', '6')
 2 SYSTEMPATH\CodeIgniter.php(499): CodeIgniter\CodeIgniter->runController(Object(App\Controllers\Latihan1))
 3 SYSTEMPATH\CodeIgniter.php(368): CodeIgniter\CodeIgniter->handleRequest(null, Object(Config\Cache), false)
 4 FCPATH\index.php(67): CodeIgniter\CodeIgniter->run()
 5 SYSTEMPATH\Commands\Server\rewrite.php(47): require_once('FCPATH\\index.php')
CRITICAL - 2023-03-27 08:26:19 --> Class "App\Models\Model_latihan1" not found
in APPPATH\Controllers\Latihan1.php on line 18.
 1 SYSTEMPATH\CodeIgniter.php(934): App\Controllers\Latihan1->penjumlahan('2', '6')
 2 SYSTEMPATH\CodeIgniter.php(499): CodeIgniter\CodeIgniter->runController(Object(App\Controllers\Latihan1))
 3 SYSTEMPATH\CodeIgniter.php(368): CodeIgniter\CodeIgniter->handleRequest(null, Object(Config\Cache), false)
 4 FCPATH\index.php(67): CodeIgniter\CodeIgniter->run()
 5 SYSTEMPATH\Commands\Server\rewrite.php(47): require_once('FCPATH\\index.php')
CRITICAL - 2023-03-27 08:26:19 --> Class "App\Models\Model_latihan1" not found
in APPPATH\Controllers\Latihan1.php on line 18.
 1 SYSTEMPATH\CodeIgniter.php(934): App\Controllers\Latihan1->penjumlahan('2', '6')
 2 SYSTEMPATH\CodeIgniter.php(499): CodeIgniter\CodeIgniter->runController(Object(App\Controllers\Latihan1))
 3 SYSTEMPATH\CodeIgniter.php(368): CodeIgniter\CodeIgniter->handleRequest(null, Object(Config\Cache), false)
 4 FCPATH\index.php(67): CodeIgniter\CodeIgniter->run()
 5 SYSTEMPATH\Commands\Server\rewrite.php(47): require_once('FCPATH\\index.php')
CRITICAL - 2023-03-27 08:26:20 --> Class "App\Models\Model_latihan1" not found
in APPPATH\Controllers\Latihan1.php on line 18.
 1 SYSTEMPATH\CodeIgniter.php(934): App\Controllers\Latihan1->penjumlahan('2', '6')
 2 SYSTEMPATH\CodeIgniter.php(499): CodeIgniter\CodeIgniter->runController(Object(App\Controllers\Latihan1))
 3 SYSTEMPATH\CodeIgniter.php(368): CodeIgniter\CodeIgniter->handleRequest(null, Object(Config\Cache), false)
 4 FCPATH\index.php(67): CodeIgniter\CodeIgniter->run()
 5 SYSTEMPATH\Commands\Server\rewrite.php(47): require_once('FCPATH\\index.php')
CRITICAL - 2023-03-27 08:26:24 --> Too few arguments to function App\Controllers\Latihan1::penjumlahan(), 0 passed in C:\xampp\htdocs\webpro2\system\CodeIgniter.php on line 934 and exactly 2 expected
in APPPATH\Controllers\Latihan1.php on line 16.
 1 SYSTEMPATH\CodeIgniter.php(934): App\Controllers\Latihan1->penjumlahan()
 2 SYSTEMPATH\CodeIgniter.php(499): CodeIgniter\CodeIgniter->runController(Object(App\Controllers\Latihan1))
 3 SYSTEMPATH\CodeIgniter.php(368): CodeIgniter\CodeIgniter->handleRequest(null, Object(Config\Cache), false)
 4 FCPATH\index.php(67): CodeIgniter\CodeIgniter->run()
 5 SYSTEMPATH\Commands\Server\rewrite.php(47): require_once('FCPATH\\index.php')
CRITICAL - 2023-03-27 08:27:14 --> Class "App\Models\Model_latihan1" not found
in APPPATH\Controllers\Latihan1.php on line 18.
 1 SYSTEMPATH\CodeIgniter.php(934): App\Controllers\Latihan1->penjumlahan('2', '6')
 2 SYSTEMPATH\CodeIgniter.php(499): CodeIgniter\CodeIgniter->runController(Object(App\Controllers\Latihan1))
 3 SYSTEMPATH\CodeIgniter.php(368): CodeIgniter\CodeIgniter->handleRequest(null, Object(Config\Cache), false)
 4 FCPATH\index.php(67): CodeIgniter\CodeIgniter->run()
 5 SYSTEMPATH\Commands\Server\rewrite.php(47): require_once('FCPATH\\index.php')
