CRITICAL - 2023-04-03 07:29:44 --> The route for "/register" cannot be found.
in SYSTEMPATH/HTTP/RedirectResponse.php on line 60.
 1 SYSTEMPATH/HTTP/RedirectResponse.php(60): CodeIgniter\HTTP\Exceptions\HTTPException::forInvalidRedirectRoute()
 2 SYSTEMPATH/Common.php(880): CodeIgniter\HTTP\RedirectResponse->route()
 3 APPPATH/Controllers/UserController.php(182): redirect()
 4 SYSTEMPATH/CodeIgniter.php(934): App\Controllers\UserController->Register()
 5 SYSTEMPATH/CodeIgniter.php(499): CodeIgniter\CodeIgniter->runController()
 6 SYSTEMPATH/CodeIgniter.php(368): CodeIgniter\CodeIgniter->handleRequest()
 7 FCPATH/index.php(67): CodeIgniter\CodeIgniter->run()
 8 SYSTEMPATH/Commands/Server/rewrite.php(47): require_once('/var/www/html/kuliah/Project_finish/Kampus_project_end/public/index.php')
CRITICAL - 2023-04-03 07:29:53 --> The route for "/register" cannot be found.
in SYSTEMPATH/HTTP/RedirectResponse.php on line 60.
 1 SYSTEMPATH/HTTP/RedirectResponse.php(60): CodeIgniter\HTTP\Exceptions\HTTPException::forInvalidRedirectRoute()
 2 SYSTEMPATH/Common.php(880): CodeIgniter\HTTP\RedirectResponse->route()
 3 APPPATH/Controllers/UserController.php(182): redirect()
 4 SYSTEMPATH/CodeIgniter.php(934): App\Controllers\UserController->Register()
 5 SYSTEMPATH/CodeIgniter.php(499): CodeIgniter\CodeIgniter->runController()
 6 SYSTEMPATH/CodeIgniter.php(368): CodeIgniter\CodeIgniter->handleRequest()
 7 FCPATH/index.php(67): CodeIgniter\CodeIgniter->run()
 8 SYSTEMPATH/Commands/Server/rewrite.php(47): require_once('/var/www/html/kuliah/Project_finish/Kampus_project_end/public/index.php')
CRITICAL - 2023-04-03 07:30:37 --> The route for "/register" cannot be found.
in SYSTEMPATH/HTTP/RedirectResponse.php on line 60.
 1 SYSTEMPATH/HTTP/RedirectResponse.php(60): CodeIgniter\HTTP\Exceptions\HTTPException::forInvalidRedirectRoute()
 2 SYSTEMPATH/Common.php(880): CodeIgniter\HTTP\RedirectResponse->route()
 3 APPPATH/Controllers/UserController.php(182): redirect()
 4 SYSTEMPATH/CodeIgniter.php(934): App\Controllers\UserController->Register()
 5 SYSTEMPATH/CodeIgniter.php(499): CodeIgniter\CodeIgniter->runController()
 6 SYSTEMPATH/CodeIgniter.php(368): CodeIgniter\CodeIgniter->handleRequest()
 7 FCPATH/index.php(67): CodeIgniter\CodeIgniter->run()
 8 SYSTEMPATH/Commands/Server/rewrite.php(47): require_once('/var/www/html/kuliah/Project_finish/Kampus_project_end/public/index.php')
CRITICAL - 2023-04-03 07:31:07 --> SMTP Error: The following recipients failed: 17200473@bsi.ac.id: that smtp username is not allowed to send

in APPPATH/Controllers/src/PHPMailer.php on line 2082.
 1 APPPATH/Controllers/src/PHPMailer.php(1678): PHPMailer\PHPMailer\PHPMailer->smtpSend()
 2 APPPATH/Controllers/src/PHPMailer.php(1516): PHPMailer\PHPMailer\PHPMailer->postSend()
 3 APPPATH/Controllers/UserController.php(180): PHPMailer\PHPMailer\PHPMailer->send()
 4 SYSTEMPATH/CodeIgniter.php(934): App\Controllers\UserController->Register()
 5 SYSTEMPATH/CodeIgniter.php(499): CodeIgniter\CodeIgniter->runController()
 6 SYSTEMPATH/CodeIgniter.php(368): CodeIgniter\CodeIgniter->handleRequest()
 7 FCPATH/index.php(67): CodeIgniter\CodeIgniter->run()
 8 SYSTEMPATH/Commands/Server/rewrite.php(47): require_once('/var/www/html/kuliah/Project_finish/Kampus_project_end/public/index.php')
CRITICAL - 2023-04-03 07:35:17 --> SMTP Error: The following recipients failed: 17200473@bsi.ac.id: that smtp username is not allowed to send

in APPPATH/Controllers/src/PHPMailer.php on line 2082.
 1 APPPATH/Controllers/src/PHPMailer.php(1678): PHPMailer\PHPMailer\PHPMailer->smtpSend()
 2 APPPATH/Controllers/src/PHPMailer.php(1516): PHPMailer\PHPMailer\PHPMailer->postSend()
 3 APPPATH/Controllers/UserController.php(180): PHPMailer\PHPMailer\PHPMailer->send()
 4 SYSTEMPATH/CodeIgniter.php(934): App\Controllers\UserController->Register()
 5 SYSTEMPATH/CodeIgniter.php(499): CodeIgniter\CodeIgniter->runController()
 6 SYSTEMPATH/CodeIgniter.php(368): CodeIgniter\CodeIgniter->handleRequest()
 7 FCPATH/index.php(67): CodeIgniter\CodeIgniter->run()
 8 SYSTEMPATH/Commands/Server/rewrite.php(47): require_once('/var/www/html/kuliah/Project_finish/Kampus_project_end/public/index.php')
ERROR - 2023-04-03 07:35:33 --> ErrorException: pg_query(): Query failed: ERROR:  column &quot;otp&quot; of relation &quot;users&quot; does not exist
LINE 1: ...ddress&quot;, &quot;password&quot;, &quot;phone_number&quot;, &quot;user_name&quot;, &quot;otp&quot;, &quot;st...
                                                             ^ in /var/www/html/kuliah/Project_finish/Kampus_project_end/vendor/codeigniter4/framework/system/Database/Postgre/Connection.php:147
Stack trace:
#0 [internal function]: CodeIgniter\Debug\Exceptions->errorHandler()
#1 /var/www/html/kuliah/Project_finish/Kampus_project_end/vendor/codeigniter4/framework/system/Database/Postgre/Connection.php(147): pg_query()
#2 /var/www/html/kuliah/Project_finish/Kampus_project_end/vendor/codeigniter4/framework/system/Database/BaseConnection.php(691): CodeIgniter\Database\Postgre\Connection->execute()
#3 /var/www/html/kuliah/Project_finish/Kampus_project_end/vendor/codeigniter4/framework/system/Database/BaseConnection.php(605): CodeIgniter\Database\BaseConnection->simpleQuery()
#4 /var/www/html/kuliah/Project_finish/Kampus_project_end/vendor/codeigniter4/framework/system/Database/BaseBuilder.php(2309): CodeIgniter\Database\BaseConnection->query()
#5 /var/www/html/kuliah/Project_finish/Kampus_project_end/vendor/codeigniter4/framework/system/Model.php(330): CodeIgniter\Database\BaseBuilder->insert()
#6 /var/www/html/kuliah/Project_finish/Kampus_project_end/vendor/codeigniter4/framework/system/BaseModel.php(782): CodeIgniter\Model->doInsert()
#7 /var/www/html/kuliah/Project_finish/Kampus_project_end/vendor/codeigniter4/framework/system/Model.php(730): CodeIgniter\BaseModel->insert()
#8 /var/www/html/kuliah/Project_finish/Kampus_project_end/vendor/codeigniter4/framework/system/BaseModel.php(692): CodeIgniter\Model->insert()
#9 /var/www/html/kuliah/Project_finish/Kampus_project_end/app/Controllers/UserController.php(181): CodeIgniter\BaseModel->save()
#10 /var/www/html/kuliah/Project_finish/Kampus_project_end/vendor/codeigniter4/framework/system/CodeIgniter.php(934): App\Controllers\UserController->Register()
#11 /var/www/html/kuliah/Project_finish/Kampus_project_end/vendor/codeigniter4/framework/system/CodeIgniter.php(499): CodeIgniter\CodeIgniter->runController()
#12 /var/www/html/kuliah/Project_finish/Kampus_project_end/vendor/codeigniter4/framework/system/CodeIgniter.php(368): CodeIgniter\CodeIgniter->handleRequest()
#13 /var/www/html/kuliah/Project_finish/Kampus_project_end/public/index.php(67): CodeIgniter\CodeIgniter->run()
#14 /var/www/html/kuliah/Project_finish/Kampus_project_end/vendor/codeigniter4/framework/system/Commands/Server/rewrite.php(47): require_once('/var/www/html/k...')
#15 {main}
CRITICAL - 2023-04-03 07:35:33 --> pg_query(): Query failed: ERROR:  column &quot;otp&quot; of relation &quot;users&quot; does not exist
LINE 1: ...ddress&quot;, &quot;password&quot;, &quot;phone_number&quot;, &quot;user_name&quot;, &quot;otp&quot;, &quot;st...
                                                             ^
in SYSTEMPATH/Database/Postgre/Connection.php on line 147.
 1 [internal function]: CodeIgniter\Debug\Exceptions->errorHandler()
 2 SYSTEMPATH/Database/Postgre/Connection.php(147): pg_query()
 3 SYSTEMPATH/Database/BaseConnection.php(691): CodeIgniter\Database\Postgre\Connection->execute()
 4 SYSTEMPATH/Database/BaseConnection.php(605): CodeIgniter\Database\BaseConnection->simpleQuery()
 5 SYSTEMPATH/Database/BaseBuilder.php(2309): CodeIgniter\Database\BaseConnection->query()
 6 SYSTEMPATH/Model.php(330): CodeIgniter\Database\BaseBuilder->insert()
 7 SYSTEMPATH/BaseModel.php(782): CodeIgniter\Model->doInsert()
 8 SYSTEMPATH/Model.php(730): CodeIgniter\BaseModel->insert()
 9 SYSTEMPATH/BaseModel.php(692): CodeIgniter\Model->insert()
10 APPPATH/Controllers/UserController.php(181): CodeIgniter\BaseModel->save()
11 SYSTEMPATH/CodeIgniter.php(934): App\Controllers\UserController->Register()
12 SYSTEMPATH/CodeIgniter.php(499): CodeIgniter\CodeIgniter->runController()
13 SYSTEMPATH/CodeIgniter.php(368): CodeIgniter\CodeIgniter->handleRequest()
14 FCPATH/index.php(67): CodeIgniter\CodeIgniter->run()
15 SYSTEMPATH/Commands/Server/rewrite.php(47): require_once('/var/www/html/kuliah/Project_finish/Kampus_project_end/public/index.php')
ERROR - 2023-04-03 07:35:51 --> ErrorException: pg_query(): Query failed: ERROR:  duplicate key value violates unique constraint &quot;users_email_address_key&quot;
DETAIL:  Key (email_address)=(17200473@bsi.ac.id) already exists. in /var/www/html/kuliah/Project_finish/Kampus_project_end/vendor/codeigniter4/framework/system/Database/Postgre/Connection.php:147
Stack trace:
#0 [internal function]: CodeIgniter\Debug\Exceptions->errorHandler()
#1 /var/www/html/kuliah/Project_finish/Kampus_project_end/vendor/codeigniter4/framework/system/Database/Postgre/Connection.php(147): pg_query()
#2 /var/www/html/kuliah/Project_finish/Kampus_project_end/vendor/codeigniter4/framework/system/Database/BaseConnection.php(691): CodeIgniter\Database\Postgre\Connection->execute()
#3 /var/www/html/kuliah/Project_finish/Kampus_project_end/vendor/codeigniter4/framework/system/Database/BaseConnection.php(605): CodeIgniter\Database\BaseConnection->simpleQuery()
#4 /var/www/html/kuliah/Project_finish/Kampus_project_end/vendor/codeigniter4/framework/system/Database/BaseBuilder.php(2309): CodeIgniter\Database\BaseConnection->query()
#5 /var/www/html/kuliah/Project_finish/Kampus_project_end/vendor/codeigniter4/framework/system/Model.php(330): CodeIgniter\Database\BaseBuilder->insert()
#6 /var/www/html/kuliah/Project_finish/Kampus_project_end/vendor/codeigniter4/framework/system/BaseModel.php(782): CodeIgniter\Model->doInsert()
#7 /var/www/html/kuliah/Project_finish/Kampus_project_end/vendor/codeigniter4/framework/system/Model.php(730): CodeIgniter\BaseModel->insert()
#8 /var/www/html/kuliah/Project_finish/Kampus_project_end/vendor/codeigniter4/framework/system/BaseModel.php(692): CodeIgniter\Model->insert()
#9 /var/www/html/kuliah/Project_finish/Kampus_project_end/app/Controllers/UserController.php(181): CodeIgniter\BaseModel->save()
#10 /var/www/html/kuliah/Project_finish/Kampus_project_end/vendor/codeigniter4/framework/system/CodeIgniter.php(934): App\Controllers\UserController->Register()
#11 /var/www/html/kuliah/Project_finish/Kampus_project_end/vendor/codeigniter4/framework/system/CodeIgniter.php(499): CodeIgniter\CodeIgniter->runController()
#12 /var/www/html/kuliah/Project_finish/Kampus_project_end/vendor/codeigniter4/framework/system/CodeIgniter.php(368): CodeIgniter\CodeIgniter->handleRequest()
#13 /var/www/html/kuliah/Project_finish/Kampus_project_end/public/index.php(67): CodeIgniter\CodeIgniter->run()
#14 /var/www/html/kuliah/Project_finish/Kampus_project_end/vendor/codeigniter4/framework/system/Commands/Server/rewrite.php(47): require_once('/var/www/html/k...')
#15 {main}
CRITICAL - 2023-04-03 07:35:51 --> pg_query(): Query failed: ERROR:  duplicate key value violates unique constraint &quot;users_email_address_key&quot;
DETAIL:  Key (email_address)=(17200473@bsi.ac.id) already exists.
in SYSTEMPATH/Database/Postgre/Connection.php on line 147.
 1 [internal function]: CodeIgniter\Debug\Exceptions->errorHandler()
 2 SYSTEMPATH/Database/Postgre/Connection.php(147): pg_query()
 3 SYSTEMPATH/Database/BaseConnection.php(691): CodeIgniter\Database\Postgre\Connection->execute()
 4 SYSTEMPATH/Database/BaseConnection.php(605): CodeIgniter\Database\BaseConnection->simpleQuery()
 5 SYSTEMPATH/Database/BaseBuilder.php(2309): CodeIgniter\Database\BaseConnection->query()
 6 SYSTEMPATH/Model.php(330): CodeIgniter\Database\BaseBuilder->insert()
 7 SYSTEMPATH/BaseModel.php(782): CodeIgniter\Model->doInsert()
 8 SYSTEMPATH/Model.php(730): CodeIgniter\BaseModel->insert()
 9 SYSTEMPATH/BaseModel.php(692): CodeIgniter\Model->insert()
10 APPPATH/Controllers/UserController.php(181): CodeIgniter\BaseModel->save()
11 SYSTEMPATH/CodeIgniter.php(934): App\Controllers\UserController->Register()
12 SYSTEMPATH/CodeIgniter.php(499): CodeIgniter\CodeIgniter->runController()
13 SYSTEMPATH/CodeIgniter.php(368): CodeIgniter\CodeIgniter->handleRequest()
14 FCPATH/index.php(67): CodeIgniter\CodeIgniter->run()
15 SYSTEMPATH/Commands/Server/rewrite.php(47): require_once('/var/www/html/kuliah/Project_finish/Kampus_project_end/public/index.php')
ERROR - 2023-04-03 07:35:52 --> ErrorException: pg_query(): Query failed: ERROR:  duplicate key value violates unique constraint &quot;users_email_address_key&quot;
DETAIL:  Key (email_address)=(17200473@bsi.ac.id) already exists. in /var/www/html/kuliah/Project_finish/Kampus_project_end/vendor/codeigniter4/framework/system/Database/Postgre/Connection.php:147
Stack trace:
#0 [internal function]: CodeIgniter\Debug\Exceptions->errorHandler()
#1 /var/www/html/kuliah/Project_finish/Kampus_project_end/vendor/codeigniter4/framework/system/Database/Postgre/Connection.php(147): pg_query()
#2 /var/www/html/kuliah/Project_finish/Kampus_project_end/vendor/codeigniter4/framework/system/Database/BaseConnection.php(691): CodeIgniter\Database\Postgre\Connection->execute()
#3 /var/www/html/kuliah/Project_finish/Kampus_project_end/vendor/codeigniter4/framework/system/Database/BaseConnection.php(605): CodeIgniter\Database\BaseConnection->simpleQuery()
#4 /var/www/html/kuliah/Project_finish/Kampus_project_end/vendor/codeigniter4/framework/system/Database/BaseBuilder.php(2309): CodeIgniter\Database\BaseConnection->query()
#5 /var/www/html/kuliah/Project_finish/Kampus_project_end/vendor/codeigniter4/framework/system/Model.php(330): CodeIgniter\Database\BaseBuilder->insert()
#6 /var/www/html/kuliah/Project_finish/Kampus_project_end/vendor/codeigniter4/framework/system/BaseModel.php(782): CodeIgniter\Model->doInsert()
#7 /var/www/html/kuliah/Project_finish/Kampus_project_end/vendor/codeigniter4/framework/system/Model.php(730): CodeIgniter\BaseModel->insert()
#8 /var/www/html/kuliah/Project_finish/Kampus_project_end/vendor/codeigniter4/framework/system/BaseModel.php(692): CodeIgniter\Model->insert()
#9 /var/www/html/kuliah/Project_finish/Kampus_project_end/app/Controllers/UserController.php(181): CodeIgniter\BaseModel->save()
#10 /var/www/html/kuliah/Project_finish/Kampus_project_end/vendor/codeigniter4/framework/system/CodeIgniter.php(934): App\Controllers\UserController->Register()
#11 /var/www/html/kuliah/Project_finish/Kampus_project_end/vendor/codeigniter4/framework/system/CodeIgniter.php(499): CodeIgniter\CodeIgniter->runController()
#12 /var/www/html/kuliah/Project_finish/Kampus_project_end/vendor/codeigniter4/framework/system/CodeIgniter.php(368): CodeIgniter\CodeIgniter->handleRequest()
#13 /var/www/html/kuliah/Project_finish/Kampus_project_end/public/index.php(67): CodeIgniter\CodeIgniter->run()
#14 /var/www/html/kuliah/Project_finish/Kampus_project_end/vendor/codeigniter4/framework/system/Commands/Server/rewrite.php(47): require_once('/var/www/html/k...')
#15 {main}
CRITICAL - 2023-04-03 07:35:52 --> pg_query(): Query failed: ERROR:  duplicate key value violates unique constraint &quot;users_email_address_key&quot;
DETAIL:  Key (email_address)=(17200473@bsi.ac.id) already exists.
in SYSTEMPATH/Database/Postgre/Connection.php on line 147.
 1 [internal function]: CodeIgniter\Debug\Exceptions->errorHandler()
 2 SYSTEMPATH/Database/Postgre/Connection.php(147): pg_query()
 3 SYSTEMPATH/Database/BaseConnection.php(691): CodeIgniter\Database\Postgre\Connection->execute()
 4 SYSTEMPATH/Database/BaseConnection.php(605): CodeIgniter\Database\BaseConnection->simpleQuery()
 5 SYSTEMPATH/Database/BaseBuilder.php(2309): CodeIgniter\Database\BaseConnection->query()
 6 SYSTEMPATH/Model.php(330): CodeIgniter\Database\BaseBuilder->insert()
 7 SYSTEMPATH/BaseModel.php(782): CodeIgniter\Model->doInsert()
 8 SYSTEMPATH/Model.php(730): CodeIgniter\BaseModel->insert()
 9 SYSTEMPATH/BaseModel.php(692): CodeIgniter\Model->insert()
10 APPPATH/Controllers/UserController.php(181): CodeIgniter\BaseModel->save()
11 SYSTEMPATH/CodeIgniter.php(934): App\Controllers\UserController->Register()
12 SYSTEMPATH/CodeIgniter.php(499): CodeIgniter\CodeIgniter->runController()
13 SYSTEMPATH/CodeIgniter.php(368): CodeIgniter\CodeIgniter->handleRequest()
14 FCPATH/index.php(67): CodeIgniter\CodeIgniter->run()
15 SYSTEMPATH/Commands/Server/rewrite.php(47): require_once('/var/www/html/kuliah/Project_finish/Kampus_project_end/public/index.php')
ERROR - 2023-04-03 07:36:07 --> ErrorException: pg_query(): Query failed: ERROR:  column &quot;otp&quot; of relation &quot;users&quot; does not exist
LINE 1: ...ddress&quot;, &quot;password&quot;, &quot;phone_number&quot;, &quot;user_name&quot;, &quot;otp&quot;, &quot;st...
                                                             ^ in /var/www/html/kuliah/Project_finish/Kampus_project_end/vendor/codeigniter4/framework/system/Database/Postgre/Connection.php:147
Stack trace:
#0 [internal function]: CodeIgniter\Debug\Exceptions->errorHandler()
#1 /var/www/html/kuliah/Project_finish/Kampus_project_end/vendor/codeigniter4/framework/system/Database/Postgre/Connection.php(147): pg_query()
#2 /var/www/html/kuliah/Project_finish/Kampus_project_end/vendor/codeigniter4/framework/system/Database/BaseConnection.php(691): CodeIgniter\Database\Postgre\Connection->execute()
#3 /var/www/html/kuliah/Project_finish/Kampus_project_end/vendor/codeigniter4/framework/system/Database/BaseConnection.php(605): CodeIgniter\Database\BaseConnection->simpleQuery()
#4 /var/www/html/kuliah/Project_finish/Kampus_project_end/vendor/codeigniter4/framework/system/Database/BaseBuilder.php(2309): CodeIgniter\Database\BaseConnection->query()
#5 /var/www/html/kuliah/Project_finish/Kampus_project_end/vendor/codeigniter4/framework/system/Model.php(330): CodeIgniter\Database\BaseBuilder->insert()
#6 /var/www/html/kuliah/Project_finish/Kampus_project_end/vendor/codeigniter4/framework/system/BaseModel.php(782): CodeIgniter\Model->doInsert()
#7 /var/www/html/kuliah/Project_finish/Kampus_project_end/vendor/codeigniter4/framework/system/Model.php(730): CodeIgniter\BaseModel->insert()
#8 /var/www/html/kuliah/Project_finish/Kampus_project_end/vendor/codeigniter4/framework/system/BaseModel.php(692): CodeIgniter\Model->insert()
#9 /var/www/html/kuliah/Project_finish/Kampus_project_end/app/Controllers/UserController.php(181): CodeIgniter\BaseModel->save()
#10 /var/www/html/kuliah/Project_finish/Kampus_project_end/vendor/codeigniter4/framework/system/CodeIgniter.php(934): App\Controllers\UserController->Register()
#11 /var/www/html/kuliah/Project_finish/Kampus_project_end/vendor/codeigniter4/framework/system/CodeIgniter.php(499): CodeIgniter\CodeIgniter->runController()
#12 /var/www/html/kuliah/Project_finish/Kampus_project_end/vendor/codeigniter4/framework/system/CodeIgniter.php(368): CodeIgniter\CodeIgniter->handleRequest()
#13 /var/www/html/kuliah/Project_finish/Kampus_project_end/public/index.php(67): CodeIgniter\CodeIgniter->run()
#14 /var/www/html/kuliah/Project_finish/Kampus_project_end/vendor/codeigniter4/framework/system/Commands/Server/rewrite.php(47): require_once('/var/www/html/k...')
#15 {main}
CRITICAL - 2023-04-03 07:36:07 --> pg_query(): Query failed: ERROR:  column &quot;otp&quot; of relation &quot;users&quot; does not exist
LINE 1: ...ddress&quot;, &quot;password&quot;, &quot;phone_number&quot;, &quot;user_name&quot;, &quot;otp&quot;, &quot;st...
                                                             ^
in SYSTEMPATH/Database/Postgre/Connection.php on line 147.
 1 [internal function]: CodeIgniter\Debug\Exceptions->errorHandler()
 2 SYSTEMPATH/Database/Postgre/Connection.php(147): pg_query()
 3 SYSTEMPATH/Database/BaseConnection.php(691): CodeIgniter\Database\Postgre\Connection->execute()
 4 SYSTEMPATH/Database/BaseConnection.php(605): CodeIgniter\Database\BaseConnection->simpleQuery()
 5 SYSTEMPATH/Database/BaseBuilder.php(2309): CodeIgniter\Database\BaseConnection->query()
 6 SYSTEMPATH/Model.php(330): CodeIgniter\Database\BaseBuilder->insert()
 7 SYSTEMPATH/BaseModel.php(782): CodeIgniter\Model->doInsert()
 8 SYSTEMPATH/Model.php(730): CodeIgniter\BaseModel->insert()
 9 SYSTEMPATH/BaseModel.php(692): CodeIgniter\Model->insert()
10 APPPATH/Controllers/UserController.php(181): CodeIgniter\BaseModel->save()
11 SYSTEMPATH/CodeIgniter.php(934): App\Controllers\UserController->Register()
12 SYSTEMPATH/CodeIgniter.php(499): CodeIgniter\CodeIgniter->runController()
13 SYSTEMPATH/CodeIgniter.php(368): CodeIgniter\CodeIgniter->handleRequest()
14 FCPATH/index.php(67): CodeIgniter\CodeIgniter->run()
15 SYSTEMPATH/Commands/Server/rewrite.php(47): require_once('/var/www/html/kuliah/Project_finish/Kampus_project_end/public/index.php')
ERROR - 2023-04-03 07:36:16 --> ErrorException: pg_query(): Query failed: ERROR:  duplicate key value violates unique constraint &quot;users_email_address_key&quot;
DETAIL:  Key (email_address)=(17200473@bsi.ac.id) already exists. in /var/www/html/kuliah/Project_finish/Kampus_project_end/vendor/codeigniter4/framework/system/Database/Postgre/Connection.php:147
Stack trace:
#0 [internal function]: CodeIgniter\Debug\Exceptions->errorHandler()
#1 /var/www/html/kuliah/Project_finish/Kampus_project_end/vendor/codeigniter4/framework/system/Database/Postgre/Connection.php(147): pg_query()
#2 /var/www/html/kuliah/Project_finish/Kampus_project_end/vendor/codeigniter4/framework/system/Database/BaseConnection.php(691): CodeIgniter\Database\Postgre\Connection->execute()
#3 /var/www/html/kuliah/Project_finish/Kampus_project_end/vendor/codeigniter4/framework/system/Database/BaseConnection.php(605): CodeIgniter\Database\BaseConnection->simpleQuery()
#4 /var/www/html/kuliah/Project_finish/Kampus_project_end/vendor/codeigniter4/framework/system/Database/BaseBuilder.php(2309): CodeIgniter\Database\BaseConnection->query()
#5 /var/www/html/kuliah/Project_finish/Kampus_project_end/vendor/codeigniter4/framework/system/Model.php(330): CodeIgniter\Database\BaseBuilder->insert()
#6 /var/www/html/kuliah/Project_finish/Kampus_project_end/vendor/codeigniter4/framework/system/BaseModel.php(782): CodeIgniter\Model->doInsert()
#7 /var/www/html/kuliah/Project_finish/Kampus_project_end/vendor/codeigniter4/framework/system/Model.php(730): CodeIgniter\BaseModel->insert()
#8 /var/www/html/kuliah/Project_finish/Kampus_project_end/vendor/codeigniter4/framework/system/BaseModel.php(692): CodeIgniter\Model->insert()
#9 /var/www/html/kuliah/Project_finish/Kampus_project_end/app/Controllers/UserController.php(181): CodeIgniter\BaseModel->save()
#10 /var/www/html/kuliah/Project_finish/Kampus_project_end/vendor/codeigniter4/framework/system/CodeIgniter.php(934): App\Controllers\UserController->Register()
#11 /var/www/html/kuliah/Project_finish/Kampus_project_end/vendor/codeigniter4/framework/system/CodeIgniter.php(499): CodeIgniter\CodeIgniter->runController()
#12 /var/www/html/kuliah/Project_finish/Kampus_project_end/vendor/codeigniter4/framework/system/CodeIgniter.php(368): CodeIgniter\CodeIgniter->handleRequest()
#13 /var/www/html/kuliah/Project_finish/Kampus_project_end/public/index.php(67): CodeIgniter\CodeIgniter->run()
#14 /var/www/html/kuliah/Project_finish/Kampus_project_end/vendor/codeigniter4/framework/system/Commands/Server/rewrite.php(47): require_once('/var/www/html/k...')
#15 {main}
CRITICAL - 2023-04-03 07:36:16 --> pg_query(): Query failed: ERROR:  duplicate key value violates unique constraint &quot;users_email_address_key&quot;
DETAIL:  Key (email_address)=(17200473@bsi.ac.id) already exists.
in SYSTEMPATH/Database/Postgre/Connection.php on line 147.
 1 [internal function]: CodeIgniter\Debug\Exceptions->errorHandler()
 2 SYSTEMPATH/Database/Postgre/Connection.php(147): pg_query()
 3 SYSTEMPATH/Database/BaseConnection.php(691): CodeIgniter\Database\Postgre\Connection->execute()
 4 SYSTEMPATH/Database/BaseConnection.php(605): CodeIgniter\Database\BaseConnection->simpleQuery()
 5 SYSTEMPATH/Database/BaseBuilder.php(2309): CodeIgniter\Database\BaseConnection->query()
 6 SYSTEMPATH/Model.php(330): CodeIgniter\Database\BaseBuilder->insert()
 7 SYSTEMPATH/BaseModel.php(782): CodeIgniter\Model->doInsert()
 8 SYSTEMPATH/Model.php(730): CodeIgniter\BaseModel->insert()
 9 SYSTEMPATH/BaseModel.php(692): CodeIgniter\Model->insert()
10 APPPATH/Controllers/UserController.php(181): CodeIgniter\BaseModel->save()
11 SYSTEMPATH/CodeIgniter.php(934): App\Controllers\UserController->Register()
12 SYSTEMPATH/CodeIgniter.php(499): CodeIgniter\CodeIgniter->runController()
13 SYSTEMPATH/CodeIgniter.php(368): CodeIgniter\CodeIgniter->handleRequest()
14 FCPATH/index.php(67): CodeIgniter\CodeIgniter->run()
15 SYSTEMPATH/Commands/Server/rewrite.php(47): require_once('/var/www/html/kuliah/Project_finish/Kampus_project_end/public/index.php')
CRITICAL - 2023-04-03 07:37:44 --> The route for "/register" cannot be found.
in SYSTEMPATH/HTTP/RedirectResponse.php on line 60.
 1 SYSTEMPATH/HTTP/RedirectResponse.php(60): CodeIgniter\HTTP\Exceptions\HTTPException::forInvalidRedirectRoute()
 2 SYSTEMPATH/Common.php(880): CodeIgniter\HTTP\RedirectResponse->route()
 3 APPPATH/Controllers/UserController.php(182): redirect()
 4 SYSTEMPATH/CodeIgniter.php(934): App\Controllers\UserController->Register()
 5 SYSTEMPATH/CodeIgniter.php(499): CodeIgniter\CodeIgniter->runController()
 6 SYSTEMPATH/CodeIgniter.php(368): CodeIgniter\CodeIgniter->handleRequest()
 7 FCPATH/index.php(67): CodeIgniter\CodeIgniter->run()
 8 SYSTEMPATH/Commands/Server/rewrite.php(47): require_once('/var/www/html/kuliah/Project_finish/Kampus_project_end/public/index.php')
ERROR - 2023-04-03 07:38:07 --> ErrorException: pg_query(): Query failed: ERROR:  duplicate key value violates unique constraint &quot;users_email_address_key&quot;
DETAIL:  Key (email_address)=(17200473@bsi.ac.id) already exists. in /var/www/html/kuliah/Project_finish/Kampus_project_end/vendor/codeigniter4/framework/system/Database/Postgre/Connection.php:147
Stack trace:
#0 [internal function]: CodeIgniter\Debug\Exceptions->errorHandler()
#1 /var/www/html/kuliah/Project_finish/Kampus_project_end/vendor/codeigniter4/framework/system/Database/Postgre/Connection.php(147): pg_query()
#2 /var/www/html/kuliah/Project_finish/Kampus_project_end/vendor/codeigniter4/framework/system/Database/BaseConnection.php(691): CodeIgniter\Database\Postgre\Connection->execute()
#3 /var/www/html/kuliah/Project_finish/Kampus_project_end/vendor/codeigniter4/framework/system/Database/BaseConnection.php(605): CodeIgniter\Database\BaseConnection->simpleQuery()
#4 /var/www/html/kuliah/Project_finish/Kampus_project_end/vendor/codeigniter4/framework/system/Database/BaseBuilder.php(2309): CodeIgniter\Database\BaseConnection->query()
#5 /var/www/html/kuliah/Project_finish/Kampus_project_end/vendor/codeigniter4/framework/system/Model.php(330): CodeIgniter\Database\BaseBuilder->insert()
#6 /var/www/html/kuliah/Project_finish/Kampus_project_end/vendor/codeigniter4/framework/system/BaseModel.php(782): CodeIgniter\Model->doInsert()
#7 /var/www/html/kuliah/Project_finish/Kampus_project_end/vendor/codeigniter4/framework/system/Model.php(730): CodeIgniter\BaseModel->insert()
#8 /var/www/html/kuliah/Project_finish/Kampus_project_end/vendor/codeigniter4/framework/system/BaseModel.php(692): CodeIgniter\Model->insert()
#9 /var/www/html/kuliah/Project_finish/Kampus_project_end/app/Controllers/UserController.php(181): CodeIgniter\BaseModel->save()
#10 /var/www/html/kuliah/Project_finish/Kampus_project_end/vendor/codeigniter4/framework/system/CodeIgniter.php(934): App\Controllers\UserController->Register()
#11 /var/www/html/kuliah/Project_finish/Kampus_project_end/vendor/codeigniter4/framework/system/CodeIgniter.php(499): CodeIgniter\CodeIgniter->runController()
#12 /var/www/html/kuliah/Project_finish/Kampus_project_end/vendor/codeigniter4/framework/system/CodeIgniter.php(368): CodeIgniter\CodeIgniter->handleRequest()
#13 /var/www/html/kuliah/Project_finish/Kampus_project_end/public/index.php(67): CodeIgniter\CodeIgniter->run()
#14 /var/www/html/kuliah/Project_finish/Kampus_project_end/vendor/codeigniter4/framework/system/Commands/Server/rewrite.php(47): require_once('/var/www/html/k...')
#15 {main}
CRITICAL - 2023-04-03 07:38:07 --> pg_query(): Query failed: ERROR:  duplicate key value violates unique constraint &quot;users_email_address_key&quot;
DETAIL:  Key (email_address)=(17200473@bsi.ac.id) already exists.
in SYSTEMPATH/Database/Postgre/Connection.php on line 147.
 1 [internal function]: CodeIgniter\Debug\Exceptions->errorHandler()
 2 SYSTEMPATH/Database/Postgre/Connection.php(147): pg_query()
 3 SYSTEMPATH/Database/BaseConnection.php(691): CodeIgniter\Database\Postgre\Connection->execute()
 4 SYSTEMPATH/Database/BaseConnection.php(605): CodeIgniter\Database\BaseConnection->simpleQuery()
 5 SYSTEMPATH/Database/BaseBuilder.php(2309): CodeIgniter\Database\BaseConnection->query()
 6 SYSTEMPATH/Model.php(330): CodeIgniter\Database\BaseBuilder->insert()
 7 SYSTEMPATH/BaseModel.php(782): CodeIgniter\Model->doInsert()
 8 SYSTEMPATH/Model.php(730): CodeIgniter\BaseModel->insert()
 9 SYSTEMPATH/BaseModel.php(692): CodeIgniter\Model->insert()
10 APPPATH/Controllers/UserController.php(181): CodeIgniter\BaseModel->save()
11 SYSTEMPATH/CodeIgniter.php(934): App\Controllers\UserController->Register()
12 SYSTEMPATH/CodeIgniter.php(499): CodeIgniter\CodeIgniter->runController()
13 SYSTEMPATH/CodeIgniter.php(368): CodeIgniter\CodeIgniter->handleRequest()
14 FCPATH/index.php(67): CodeIgniter\CodeIgniter->run()
15 SYSTEMPATH/Commands/Server/rewrite.php(47): require_once('/var/www/html/kuliah/Project_finish/Kampus_project_end/public/index.php')
CRITICAL - 2023-04-03 08:22:20 --> Undefined property: App\Controllers\UserController::$db
in APPPATH/Controllers/UserController.php on line 194.
 1 APPPATH/Controllers/UserController.php(194): CodeIgniter\Debug\Exceptions->errorHandler()
 2 SYSTEMPATH/CodeIgniter.php(934): App\Controllers\UserController->login()
 3 SYSTEMPATH/CodeIgniter.php(499): CodeIgniter\CodeIgniter->runController()
 4 SYSTEMPATH/CodeIgniter.php(368): CodeIgniter\CodeIgniter->handleRequest()
 5 FCPATH/index.php(67): CodeIgniter\CodeIgniter->run()
 6 SYSTEMPATH/Commands/Server/rewrite.php(47): require_once('/var/www/html/kuliah/Project_finish/Kampus_project_end/public/index.php')
CRITICAL - 2023-04-03 09:38:48 --> Call to undefined method App\Models\UserModel::or
in SYSTEMPATH/Model.php on line 842.
 1 APPPATH/Controllers/UserController.php(197): CodeIgniter\Model->__call()
 2 SYSTEMPATH/CodeIgniter.php(934): App\Controllers\UserController->login()
 3 SYSTEMPATH/CodeIgniter.php(499): CodeIgniter\CodeIgniter->runController()
 4 SYSTEMPATH/CodeIgniter.php(368): CodeIgniter\CodeIgniter->handleRequest()
 5 FCPATH/index.php(67): CodeIgniter\CodeIgniter->run()
 6 SYSTEMPATH/Commands/Server/rewrite.php(47): require_once('/var/www/html/kuliah/Project_finish/Kampus_project_end/public/index.php')
ERROR - 2023-04-03 09:39:04 --> ErrorException: pg_query(): Query failed: ERROR:  operator does not exist: character varying = boolean
LINE 3: WHERE &quot;email_address&quot; = TRUE
                              ^
HINT:  No operator matches the given name and argument types. You might need to add explicit type casts. in /var/www/html/kuliah/Project_finish/Kampus_project_end/vendor/codeigniter4/framework/system/Database/Postgre/Connection.php:147
Stack trace:
#0 [internal function]: CodeIgniter\Debug\Exceptions->errorHandler()
#1 /var/www/html/kuliah/Project_finish/Kampus_project_end/vendor/codeigniter4/framework/system/Database/Postgre/Connection.php(147): pg_query()
#2 /var/www/html/kuliah/Project_finish/Kampus_project_end/vendor/codeigniter4/framework/system/Database/BaseConnection.php(691): CodeIgniter\Database\Postgre\Connection->execute()
#3 /var/www/html/kuliah/Project_finish/Kampus_project_end/vendor/codeigniter4/framework/system/Database/BaseConnection.php(605): CodeIgniter\Database\BaseConnection->simpleQuery()
#4 /var/www/html/kuliah/Project_finish/Kampus_project_end/vendor/codeigniter4/framework/system/Database/BaseBuilder.php(1616): CodeIgniter\Database\BaseConnection->query()
#5 /var/www/html/kuliah/Project_finish/Kampus_project_end/vendor/codeigniter4/framework/system/Model.php(268): CodeIgniter\Database\BaseBuilder->get()
#6 /var/www/html/kuliah/Project_finish/Kampus_project_end/vendor/codeigniter4/framework/system/BaseModel.php(656): CodeIgniter\Model->doFirst()
#7 /var/www/html/kuliah/Project_finish/Kampus_project_end/app/Controllers/UserController.php(197): CodeIgniter\BaseModel->first()
#8 /var/www/html/kuliah/Project_finish/Kampus_project_end/vendor/codeigniter4/framework/system/CodeIgniter.php(934): App\Controllers\UserController->login()
#9 /var/www/html/kuliah/Project_finish/Kampus_project_end/vendor/codeigniter4/framework/system/CodeIgniter.php(499): CodeIgniter\CodeIgniter->runController()
#10 /var/www/html/kuliah/Project_finish/Kampus_project_end/vendor/codeigniter4/framework/system/CodeIgniter.php(368): CodeIgniter\CodeIgniter->handleRequest()
#11 /var/www/html/kuliah/Project_finish/Kampus_project_end/public/index.php(67): CodeIgniter\CodeIgniter->run()
#12 /var/www/html/kuliah/Project_finish/Kampus_project_end/vendor/codeigniter4/framework/system/Commands/Server/rewrite.php(47): require_once('/var/www/html/k...')
#13 {main}
CRITICAL - 2023-04-03 09:39:04 --> pg_query(): Query failed: ERROR:  operator does not exist: character varying = boolean
LINE 3: WHERE &quot;email_address&quot; = TRUE
                              ^
HINT:  No operator matches the given name and argument types. You might need to add explicit type casts.
in SYSTEMPATH/Database/Postgre/Connection.php on line 147.
 1 [internal function]: CodeIgniter\Debug\Exceptions->errorHandler()
 2 SYSTEMPATH/Database/Postgre/Connection.php(147): pg_query()
 3 SYSTEMPATH/Database/BaseConnection.php(691): CodeIgniter\Database\Postgre\Connection->execute()
 4 SYSTEMPATH/Database/BaseConnection.php(605): CodeIgniter\Database\BaseConnection->simpleQuery()
 5 SYSTEMPATH/Database/BaseBuilder.php(1616): CodeIgniter\Database\BaseConnection->query()
 6 SYSTEMPATH/Model.php(268): CodeIgniter\Database\BaseBuilder->get()
 7 SYSTEMPATH/BaseModel.php(656): CodeIgniter\Model->doFirst()
 8 APPPATH/Controllers/UserController.php(197): CodeIgniter\BaseModel->first()
 9 SYSTEMPATH/CodeIgniter.php(934): App\Controllers\UserController->login()
10 SYSTEMPATH/CodeIgniter.php(499): CodeIgniter\CodeIgniter->runController()
11 SYSTEMPATH/CodeIgniter.php(368): CodeIgniter\CodeIgniter->handleRequest()
12 FCPATH/index.php(67): CodeIgniter\CodeIgniter->run()
13 SYSTEMPATH/Commands/Server/rewrite.php(47): require_once('/var/www/html/kuliah/Project_finish/Kampus_project_end/public/index.php')
ERROR - 2023-04-03 09:39:32 --> ErrorException: pg_query(): Query failed: ERROR:  operator does not exist: character varying = boolean
LINE 3: WHERE &quot;email_address&quot; = TRUE
                              ^
HINT:  No operator matches the given name and argument types. You might need to add explicit type casts. in /var/www/html/kuliah/Project_finish/Kampus_project_end/vendor/codeigniter4/framework/system/Database/Postgre/Connection.php:147
Stack trace:
#0 [internal function]: CodeIgniter\Debug\Exceptions->errorHandler()
#1 /var/www/html/kuliah/Project_finish/Kampus_project_end/vendor/codeigniter4/framework/system/Database/Postgre/Connection.php(147): pg_query()
#2 /var/www/html/kuliah/Project_finish/Kampus_project_end/vendor/codeigniter4/framework/system/Database/BaseConnection.php(691): CodeIgniter\Database\Postgre\Connection->execute()
#3 /var/www/html/kuliah/Project_finish/Kampus_project_end/vendor/codeigniter4/framework/system/Database/BaseConnection.php(605): CodeIgniter\Database\BaseConnection->simpleQuery()
#4 /var/www/html/kuliah/Project_finish/Kampus_project_end/vendor/codeigniter4/framework/system/Database/BaseBuilder.php(1616): CodeIgniter\Database\BaseConnection->query()
#5 /var/www/html/kuliah/Project_finish/Kampus_project_end/vendor/codeigniter4/framework/system/Model.php(268): CodeIgniter\Database\BaseBuilder->get()
#6 /var/www/html/kuliah/Project_finish/Kampus_project_end/vendor/codeigniter4/framework/system/BaseModel.php(656): CodeIgniter\Model->doFirst()
#7 /var/www/html/kuliah/Project_finish/Kampus_project_end/app/Controllers/UserController.php(197): CodeIgniter\BaseModel->first()
#8 /var/www/html/kuliah/Project_finish/Kampus_project_end/vendor/codeigniter4/framework/system/CodeIgniter.php(934): App\Controllers\UserController->login()
#9 /var/www/html/kuliah/Project_finish/Kampus_project_end/vendor/codeigniter4/framework/system/CodeIgniter.php(499): CodeIgniter\CodeIgniter->runController()
#10 /var/www/html/kuliah/Project_finish/Kampus_project_end/vendor/codeigniter4/framework/system/CodeIgniter.php(368): CodeIgniter\CodeIgniter->handleRequest()
#11 /var/www/html/kuliah/Project_finish/Kampus_project_end/public/index.php(67): CodeIgniter\CodeIgniter->run()
#12 /var/www/html/kuliah/Project_finish/Kampus_project_end/vendor/codeigniter4/framework/system/Commands/Server/rewrite.php(47): require_once('/var/www/html/k...')
#13 {main}
CRITICAL - 2023-04-03 09:39:32 --> pg_query(): Query failed: ERROR:  operator does not exist: character varying = boolean
LINE 3: WHERE &quot;email_address&quot; = TRUE
                              ^
HINT:  No operator matches the given name and argument types. You might need to add explicit type casts.
in SYSTEMPATH/Database/Postgre/Connection.php on line 147.
 1 [internal function]: CodeIgniter\Debug\Exceptions->errorHandler()
 2 SYSTEMPATH/Database/Postgre/Connection.php(147): pg_query()
 3 SYSTEMPATH/Database/BaseConnection.php(691): CodeIgniter\Database\Postgre\Connection->execute()
 4 SYSTEMPATH/Database/BaseConnection.php(605): CodeIgniter\Database\BaseConnection->simpleQuery()
 5 SYSTEMPATH/Database/BaseBuilder.php(1616): CodeIgniter\Database\BaseConnection->query()
 6 SYSTEMPATH/Model.php(268): CodeIgniter\Database\BaseBuilder->get()
 7 SYSTEMPATH/BaseModel.php(656): CodeIgniter\Model->doFirst()
 8 APPPATH/Controllers/UserController.php(197): CodeIgniter\BaseModel->first()
 9 SYSTEMPATH/CodeIgniter.php(934): App\Controllers\UserController->login()
10 SYSTEMPATH/CodeIgniter.php(499): CodeIgniter\CodeIgniter->runController()
11 SYSTEMPATH/CodeIgniter.php(368): CodeIgniter\CodeIgniter->handleRequest()
12 FCPATH/index.php(67): CodeIgniter\CodeIgniter->run()
13 SYSTEMPATH/Commands/Server/rewrite.php(47): require_once('/var/www/html/kuliah/Project_finish/Kampus_project_end/public/index.php')
ERROR - 2023-04-03 09:39:42 --> ErrorException: pg_query(): Query failed: ERROR:  operator does not exist: character varying = boolean
LINE 3: WHERE &quot;email_address&quot; = TRUE
                              ^
HINT:  No operator matches the given name and argument types. You might need to add explicit type casts. in /var/www/html/kuliah/Project_finish/Kampus_project_end/vendor/codeigniter4/framework/system/Database/Postgre/Connection.php:147
Stack trace:
#0 [internal function]: CodeIgniter\Debug\Exceptions->errorHandler()
#1 /var/www/html/kuliah/Project_finish/Kampus_project_end/vendor/codeigniter4/framework/system/Database/Postgre/Connection.php(147): pg_query()
#2 /var/www/html/kuliah/Project_finish/Kampus_project_end/vendor/codeigniter4/framework/system/Database/BaseConnection.php(691): CodeIgniter\Database\Postgre\Connection->execute()
#3 /var/www/html/kuliah/Project_finish/Kampus_project_end/vendor/codeigniter4/framework/system/Database/BaseConnection.php(605): CodeIgniter\Database\BaseConnection->simpleQuery()
#4 /var/www/html/kuliah/Project_finish/Kampus_project_end/vendor/codeigniter4/framework/system/Database/BaseBuilder.php(1616): CodeIgniter\Database\BaseConnection->query()
#5 /var/www/html/kuliah/Project_finish/Kampus_project_end/vendor/codeigniter4/framework/system/Model.php(268): CodeIgniter\Database\BaseBuilder->get()
#6 /var/www/html/kuliah/Project_finish/Kampus_project_end/vendor/codeigniter4/framework/system/BaseModel.php(656): CodeIgniter\Model->doFirst()
#7 /var/www/html/kuliah/Project_finish/Kampus_project_end/app/Controllers/UserController.php(197): CodeIgniter\BaseModel->first()
#8 /var/www/html/kuliah/Project_finish/Kampus_project_end/vendor/codeigniter4/framework/system/CodeIgniter.php(934): App\Controllers\UserController->login()
#9 /var/www/html/kuliah/Project_finish/Kampus_project_end/vendor/codeigniter4/framework/system/CodeIgniter.php(499): CodeIgniter\CodeIgniter->runController()
#10 /var/www/html/kuliah/Project_finish/Kampus_project_end/vendor/codeigniter4/framework/system/CodeIgniter.php(368): CodeIgniter\CodeIgniter->handleRequest()
#11 /var/www/html/kuliah/Project_finish/Kampus_project_end/public/index.php(67): CodeIgniter\CodeIgniter->run()
#12 /var/www/html/kuliah/Project_finish/Kampus_project_end/vendor/codeigniter4/framework/system/Commands/Server/rewrite.php(47): require_once('/var/www/html/k...')
#13 {main}
CRITICAL - 2023-04-03 09:39:42 --> pg_query(): Query failed: ERROR:  operator does not exist: character varying = boolean
LINE 3: WHERE &quot;email_address&quot; = TRUE
                              ^
HINT:  No operator matches the given name and argument types. You might need to add explicit type casts.
in SYSTEMPATH/Database/Postgre/Connection.php on line 147.
 1 [internal function]: CodeIgniter\Debug\Exceptions->errorHandler()
 2 SYSTEMPATH/Database/Postgre/Connection.php(147): pg_query()
 3 SYSTEMPATH/Database/BaseConnection.php(691): CodeIgniter\Database\Postgre\Connection->execute()
 4 SYSTEMPATH/Database/BaseConnection.php(605): CodeIgniter\Database\BaseConnection->simpleQuery()
 5 SYSTEMPATH/Database/BaseBuilder.php(1616): CodeIgniter\Database\BaseConnection->query()
 6 SYSTEMPATH/Model.php(268): CodeIgniter\Database\BaseBuilder->get()
 7 SYSTEMPATH/BaseModel.php(656): CodeIgniter\Model->doFirst()
 8 APPPATH/Controllers/UserController.php(197): CodeIgniter\BaseModel->first()
 9 SYSTEMPATH/CodeIgniter.php(934): App\Controllers\UserController->login()
10 SYSTEMPATH/CodeIgniter.php(499): CodeIgniter\CodeIgniter->runController()
11 SYSTEMPATH/CodeIgniter.php(368): CodeIgniter\CodeIgniter->handleRequest()
12 FCPATH/index.php(67): CodeIgniter\CodeIgniter->run()
13 SYSTEMPATH/Commands/Server/rewrite.php(47): require_once('/var/www/html/kuliah/Project_finish/Kampus_project_end/public/index.php')
CRITICAL - 2023-04-03 09:45:29 --> Trying to get property 'password' of non-object
in APPPATH/Controllers/UserController.php on line 214.
 1 APPPATH/Controllers/UserController.php(214): CodeIgniter\Debug\Exceptions->errorHandler()
 2 SYSTEMPATH/CodeIgniter.php(934): App\Controllers\UserController->login()
 3 SYSTEMPATH/CodeIgniter.php(499): CodeIgniter\CodeIgniter->runController()
 4 SYSTEMPATH/CodeIgniter.php(368): CodeIgniter\CodeIgniter->handleRequest()
 5 FCPATH/index.php(67): CodeIgniter\CodeIgniter->run()
 6 SYSTEMPATH/Commands/Server/rewrite.php(47): require_once('/var/www/html/kuliah/Project_finish/Kampus_project_end/public/index.php')
CRITICAL - 2023-04-03 09:45:39 --> Trying to get property 'password' of non-object
in APPPATH/Controllers/UserController.php on line 214.
 1 APPPATH/Controllers/UserController.php(214): CodeIgniter\Debug\Exceptions->errorHandler()
 2 SYSTEMPATH/CodeIgniter.php(934): App\Controllers\UserController->login()
 3 SYSTEMPATH/CodeIgniter.php(499): CodeIgniter\CodeIgniter->runController()
 4 SYSTEMPATH/CodeIgniter.php(368): CodeIgniter\CodeIgniter->handleRequest()
 5 FCPATH/index.php(67): CodeIgniter\CodeIgniter->run()
 6 SYSTEMPATH/Commands/Server/rewrite.php(47): require_once('/var/www/html/kuliah/Project_finish/Kampus_project_end/public/index.php')
CRITICAL - 2023-04-03 09:47:25 --> Trying to get property 'password' of non-object
in APPPATH/Controllers/UserController.php on line 214.
 1 APPPATH/Controllers/UserController.php(214): CodeIgniter\Debug\Exceptions->errorHandler()
 2 SYSTEMPATH/CodeIgniter.php(934): App\Controllers\UserController->login()
 3 SYSTEMPATH/CodeIgniter.php(499): CodeIgniter\CodeIgniter->runController()
 4 SYSTEMPATH/CodeIgniter.php(368): CodeIgniter\CodeIgniter->handleRequest()
 5 FCPATH/index.php(67): CodeIgniter\CodeIgniter->run()
 6 SYSTEMPATH/Commands/Server/rewrite.php(47): require_once('/var/www/html/kuliah/Project_finish/Kampus_project_end/public/index.php')
CRITICAL - 2023-04-03 09:47:27 --> Trying to get property 'password' of non-object
in APPPATH/Controllers/UserController.php on line 214.
 1 APPPATH/Controllers/UserController.php(214): CodeIgniter\Debug\Exceptions->errorHandler()
 2 SYSTEMPATH/CodeIgniter.php(934): App\Controllers\UserController->login()
 3 SYSTEMPATH/CodeIgniter.php(499): CodeIgniter\CodeIgniter->runController()
 4 SYSTEMPATH/CodeIgniter.php(368): CodeIgniter\CodeIgniter->handleRequest()
 5 FCPATH/index.php(67): CodeIgniter\CodeIgniter->run()
 6 SYSTEMPATH/Commands/Server/rewrite.php(47): require_once('/var/www/html/kuliah/Project_finish/Kampus_project_end/public/index.php')
CRITICAL - 2023-04-03 09:47:52 --> Trying to get property 'password' of non-object
in APPPATH/Controllers/UserController.php on line 214.
 1 APPPATH/Controllers/UserController.php(214): CodeIgniter\Debug\Exceptions->errorHandler()
 2 SYSTEMPATH/CodeIgniter.php(934): App\Controllers\UserController->login()
 3 SYSTEMPATH/CodeIgniter.php(499): CodeIgniter\CodeIgniter->runController()
 4 SYSTEMPATH/CodeIgniter.php(368): CodeIgniter\CodeIgniter->handleRequest()
 5 FCPATH/index.php(67): CodeIgniter\CodeIgniter->run()
 6 SYSTEMPATH/Commands/Server/rewrite.php(47): require_once('/var/www/html/kuliah/Project_finish/Kampus_project_end/public/index.php')
CRITICAL - 2023-04-03 09:48:57 --> Decrypting: authentication failed.
in SYSTEMPATH/Encryption/Handlers/OpenSSLHandler.php on line 137.
 1 SYSTEMPATH/Encryption/Handlers/OpenSSLHandler.php(137): CodeIgniter\Encryption\Exceptions\EncryptionException::forAuthenticationFailed()
 2 APPPATH/Controllers/UserController.php(217): CodeIgniter\Encryption\Handlers\OpenSSLHandler->decrypt()
 3 SYSTEMPATH/CodeIgniter.php(934): App\Controllers\UserController->login()
 4 SYSTEMPATH/CodeIgniter.php(499): CodeIgniter\CodeIgniter->runController()
 5 SYSTEMPATH/CodeIgniter.php(368): CodeIgniter\CodeIgniter->handleRequest()
 6 FCPATH/index.php(67): CodeIgniter\CodeIgniter->run()
 7 SYSTEMPATH/Commands/Server/rewrite.php(47): require_once('/var/www/html/kuliah/Project_finish/Kampus_project_end/public/index.php')
CRITICAL - 2023-04-03 09:49:38 --> Decrypting: authentication failed.
in SYSTEMPATH/Encryption/Handlers/OpenSSLHandler.php on line 137.
 1 SYSTEMPATH/Encryption/Handlers/OpenSSLHandler.php(137): CodeIgniter\Encryption\Exceptions\EncryptionException::forAuthenticationFailed()
 2 APPPATH/Controllers/UserController.php(217): CodeIgniter\Encryption\Handlers\OpenSSLHandler->decrypt()
 3 SYSTEMPATH/CodeIgniter.php(934): App\Controllers\UserController->login()
 4 SYSTEMPATH/CodeIgniter.php(499): CodeIgniter\CodeIgniter->runController()
 5 SYSTEMPATH/CodeIgniter.php(368): CodeIgniter\CodeIgniter->handleRequest()
 6 FCPATH/index.php(67): CodeIgniter\CodeIgniter->run()
 7 SYSTEMPATH/Commands/Server/rewrite.php(47): require_once('/var/www/html/kuliah/Project_finish/Kampus_project_end/public/index.php')
CRITICAL - 2023-04-03 09:49:50 --> Decrypting: authentication failed.
in SYSTEMPATH/Encryption/Handlers/OpenSSLHandler.php on line 137.
 1 SYSTEMPATH/Encryption/Handlers/OpenSSLHandler.php(137): CodeIgniter\Encryption\Exceptions\EncryptionException::forAuthenticationFailed()
 2 APPPATH/Controllers/UserController.php(216): CodeIgniter\Encryption\Handlers\OpenSSLHandler->decrypt()
 3 SYSTEMPATH/CodeIgniter.php(934): App\Controllers\UserController->login()
 4 SYSTEMPATH/CodeIgniter.php(499): CodeIgniter\CodeIgniter->runController()
 5 SYSTEMPATH/CodeIgniter.php(368): CodeIgniter\CodeIgniter->handleRequest()
 6 FCPATH/index.php(67): CodeIgniter\CodeIgniter->run()
 7 SYSTEMPATH/Commands/Server/rewrite.php(47): require_once('/var/www/html/kuliah/Project_finish/Kampus_project_end/public/index.php')
CRITICAL - 2023-04-03 09:51:28 --> Decrypting: authentication failed.
in SYSTEMPATH/Encryption/Handlers/OpenSSLHandler.php on line 137.
 1 SYSTEMPATH/Encryption/Handlers/OpenSSLHandler.php(137): CodeIgniter\Encryption\Exceptions\EncryptionException::forAuthenticationFailed()
 2 APPPATH/Controllers/UserController.php(219): CodeIgniter\Encryption\Handlers\OpenSSLHandler->decrypt()
 3 SYSTEMPATH/CodeIgniter.php(934): App\Controllers\UserController->login()
 4 SYSTEMPATH/CodeIgniter.php(499): CodeIgniter\CodeIgniter->runController()
 5 SYSTEMPATH/CodeIgniter.php(368): CodeIgniter\CodeIgniter->handleRequest()
 6 FCPATH/index.php(67): CodeIgniter\CodeIgniter->run()
 7 SYSTEMPATH/Commands/Server/rewrite.php(47): require_once('/var/www/html/kuliah/Project_finish/Kampus_project_end/public/index.php')
CRITICAL - 2023-04-03 09:51:42 --> Decrypting: authentication failed.
in SYSTEMPATH/Encryption/Handlers/OpenSSLHandler.php on line 137.
 1 SYSTEMPATH/Encryption/Handlers/OpenSSLHandler.php(137): CodeIgniter\Encryption\Exceptions\EncryptionException::forAuthenticationFailed()
 2 APPPATH/Controllers/UserController.php(219): CodeIgniter\Encryption\Handlers\OpenSSLHandler->decrypt()
 3 SYSTEMPATH/CodeIgniter.php(934): App\Controllers\UserController->login()
 4 SYSTEMPATH/CodeIgniter.php(499): CodeIgniter\CodeIgniter->runController()
 5 SYSTEMPATH/CodeIgniter.php(368): CodeIgniter\CodeIgniter->handleRequest()
 6 FCPATH/index.php(67): CodeIgniter\CodeIgniter->run()
 7 SYSTEMPATH/Commands/Server/rewrite.php(47): require_once('/var/www/html/kuliah/Project_finish/Kampus_project_end/public/index.php')
CRITICAL - 2023-04-03 10:05:26 --> Trying to access array offset on value of type null
in APPPATH/Controllers/UserController.php on line 214.
 1 APPPATH/Controllers/UserController.php(214): CodeIgniter\Debug\Exceptions->errorHandler()
 2 SYSTEMPATH/CodeIgniter.php(934): App\Controllers\UserController->login()
 3 SYSTEMPATH/CodeIgniter.php(499): CodeIgniter\CodeIgniter->runController()
 4 SYSTEMPATH/CodeIgniter.php(368): CodeIgniter\CodeIgniter->handleRequest()
 5 FCPATH/index.php(67): CodeIgniter\CodeIgniter->run()
 6 SYSTEMPATH/Commands/Server/rewrite.php(47): require_once('/var/www/html/kuliah/Project_finish/Kampus_project_end/public/index.php')
