CRITICAL - 2023-05-29 08:35:32 --> syntax error, unexpected token ">"
in APPPATH\Views\autentifikasi\login.php on line 15.
 1 SYSTEMPATH\View\View.php(216): CodeIgniter\View\View->CodeIgniter\View\{closure}()
 2 SYSTEMPATH\Common.php(1184): CodeIgniter\View\View->render('autentifikasi/login', [], true)
 3 APPPATH\Controllers\Autentifikasi.php(31): view('autentifikasi/login')
 4 SYSTEMPATH\CodeIgniter.php(934): App\Controllers\Autentifikasi->index()
 5 SYSTEMPATH\CodeIgniter.php(499): CodeIgniter\CodeIgniter->runController(Object(App\Controllers\Autentifikasi))
 6 SYSTEMPATH\CodeIgniter.php(368): CodeIgniter\CodeIgniter->handleRequest(null, Object(Config\Cache), false)
 7 FCPATH\index.php(67): CodeIgniter\CodeIgniter->run()
 8 SYSTEMPATH\Commands\Server\rewrite.php(47): require_once('FCPATH\\index.php')
CRITICAL - 2023-05-29 08:36:21 --> syntax error, unexpected token ">"
in APPPATH\Views\autentifikasi\login.php on line 15.
 1 SYSTEMPATH\View\View.php(216): CodeIgniter\View\View->CodeIgniter\View\{closure}()
 2 SYSTEMPATH\Common.php(1184): CodeIgniter\View\View->render('autentifikasi/login', [], true)
 3 APPPATH\Controllers\Autentifikasi.php(31): view('autentifikasi/login')
 4 SYSTEMPATH\CodeIgniter.php(934): App\Controllers\Autentifikasi->index()
 5 SYSTEMPATH\CodeIgniter.php(499): CodeIgniter\CodeIgniter->runController(Object(App\Controllers\Autentifikasi))
 6 SYSTEMPATH\CodeIgniter.php(368): CodeIgniter\CodeIgniter->handleRequest(null, Object(Config\Cache), false)
 7 FCPATH\index.php(67): CodeIgniter\CodeIgniter->run()
 8 SYSTEMPATH\Commands\Server\rewrite.php(47): require_once('FCPATH\\index.php')
CRITICAL - 2023-05-29 08:36:21 --> syntax error, unexpected token ">"
in APPPATH\Views\autentifikasi\login.php on line 15.
 1 SYSTEMPATH\View\View.php(216): CodeIgniter\View\View->CodeIgniter\View\{closure}()
 2 SYSTEMPATH\Common.php(1184): CodeIgniter\View\View->render('autentifikasi/login', [], true)
 3 APPPATH\Controllers\Autentifikasi.php(31): view('autentifikasi/login')
 4 SYSTEMPATH\CodeIgniter.php(934): App\Controllers\Autentifikasi->index()
 5 SYSTEMPATH\CodeIgniter.php(499): CodeIgniter\CodeIgniter->runController(Object(App\Controllers\Autentifikasi))
 6 SYSTEMPATH\CodeIgniter.php(368): CodeIgniter\CodeIgniter->handleRequest(null, Object(Config\Cache), false)
 7 FCPATH\index.php(67): CodeIgniter\CodeIgniter->run()
 8 SYSTEMPATH\Commands\Server\rewrite.php(47): require_once('FCPATH\\index.php')
CRITICAL - 2023-05-29 08:36:24 --> syntax error, unexpected token ">"
in APPPATH\Views\autentifikasi\login.php on line 15.
 1 SYSTEMPATH\View\View.php(216): CodeIgniter\View\View->CodeIgniter\View\{closure}()
 2 SYSTEMPATH\Common.php(1184): CodeIgniter\View\View->render('autentifikasi/login', [], true)
 3 APPPATH\Controllers\Autentifikasi.php(31): view('autentifikasi/login')
 4 SYSTEMPATH\CodeIgniter.php(934): App\Controllers\Autentifikasi->index()
 5 SYSTEMPATH\CodeIgniter.php(499): CodeIgniter\CodeIgniter->runController(Object(App\Controllers\Autentifikasi))
 6 SYSTEMPATH\CodeIgniter.php(368): CodeIgniter\CodeIgniter->handleRequest(null, Object(Config\Cache), false)
 7 FCPATH\index.php(67): CodeIgniter\CodeIgniter->run()
 8 SYSTEMPATH\Commands\Server\rewrite.php(47): require_once('FCPATH\\index.php')
