CRITICAL - 2023-06-12 07:58:29 --> Undefined property: CodeIgniter\View\View::$session
in APPPATH\Views\autentifikasi\login.php on line 12.
 1 APPPATH\Views\autentifikasi\login.php(12): CodeIgniter\Debug\Exceptions->errorHandler(2, 'Undefined property: CodeIgniter\\View\\View::$session', 'APPPATH\\Views\\autentifikasi\\login.php', 12)
 2 SYSTEMPATH\View\View.php(213): include('APPPATH\\Views\\autentifikasi\\login.php')
 3 SYSTEMPATH\View\View.php(216): CodeIgniter\View\View->CodeIgniter\View\{closure}()
 4 SYSTEMPATH\Common.php(1184): CodeIgniter\View\View->render('autentifikasi/login', [], true)
 5 APPPATH\Controllers\Autentifikasi.php(31): view('autentifikasi/login')
 6 SYSTEMPATH\CodeIgniter.php(934): App\Controllers\Autentifikasi->index()
 7 SYSTEMPATH\CodeIgniter.php(499): CodeIgniter\CodeIgniter->runController(Object(App\Controllers\Autentifikasi))
 8 SYSTEMPATH\CodeIgniter.php(368): CodeIgniter\CodeIgniter->handleRequest(null, Object(Config\Cache), false)
 9 FCPATH\index.php(67): CodeIgniter\CodeIgniter->run()
10 SYSTEMPATH\Commands\Server\rewrite.php(47): require_once('FCPATH\\index.php')
CRITICAL - 2023-06-12 08:07:41 --> Undefined property: CodeIgniter\View\View::$session
in APPPATH\Views\autentifikasi\login.php on line 12.
 1 APPPATH\Views\autentifikasi\login.php(12): CodeIgniter\Debug\Exceptions->errorHandler(2, 'Undefined property: CodeIgniter\\View\\View::$session', 'APPPATH\\Views\\autentifikasi\\login.php', 12)
 2 SYSTEMPATH\View\View.php(213): include('APPPATH\\Views\\autentifikasi\\login.php')
 3 SYSTEMPATH\View\View.php(216): CodeIgniter\View\View->CodeIgniter\View\{closure}()
 4 SYSTEMPATH\Common.php(1184): CodeIgniter\View\View->render('autentifikasi/login', [], true)
 5 APPPATH\Controllers\Autentifikasi.php(31): view('autentifikasi/login')
 6 SYSTEMPATH\CodeIgniter.php(934): App\Controllers\Autentifikasi->index()
 7 SYSTEMPATH\CodeIgniter.php(499): CodeIgniter\CodeIgniter->runController(Object(App\Controllers\Autentifikasi))
 8 SYSTEMPATH\CodeIgniter.php(368): CodeIgniter\CodeIgniter->handleRequest(null, Object(Config\Cache), false)
 9 FCPATH\index.php(67): CodeIgniter\CodeIgniter->run()
10 SYSTEMPATH\Commands\Server\rewrite.php(47): require_once('FCPATH\\index.php')
CRITICAL - 2023-06-12 08:10:27 --> Undefined variable $data
in APPPATH\Controllers\Autentifikasi.php on line 36.
 1 APPPATH\Controllers\Autentifikasi.php(36): CodeIgniter\Debug\Exceptions->errorHandler(2, 'Undefined variable $data', 'APPPATH\\Controllers\\Autentifikasi.php', 36)
 2 SYSTEMPATH\CodeIgniter.php(934): App\Controllers\Autentifikasi->index()
 3 SYSTEMPATH\CodeIgniter.php(499): CodeIgniter\CodeIgniter->runController(Object(App\Controllers\Autentifikasi))
 4 SYSTEMPATH\CodeIgniter.php(368): CodeIgniter\CodeIgniter->handleRequest(null, Object(Config\Cache), false)
 5 FCPATH\index.php(67): CodeIgniter\CodeIgniter->run()
 6 SYSTEMPATH\Commands\Server\rewrite.php(47): require_once('FCPATH\\index.php')
CRITICAL - 2023-06-12 08:10:29 --> Undefined variable $data
in APPPATH\Controllers\Autentifikasi.php on line 36.
 1 APPPATH\Controllers\Autentifikasi.php(36): CodeIgniter\Debug\Exceptions->errorHandler(2, 'Undefined variable $data', 'APPPATH\\Controllers\\Autentifikasi.php', 36)
 2 SYSTEMPATH\CodeIgniter.php(934): App\Controllers\Autentifikasi->index()
 3 SYSTEMPATH\CodeIgniter.php(499): CodeIgniter\CodeIgniter->runController(Object(App\Controllers\Autentifikasi))
 4 SYSTEMPATH\CodeIgniter.php(368): CodeIgniter\CodeIgniter->handleRequest(null, Object(Config\Cache), false)
 5 FCPATH\index.php(67): CodeIgniter\CodeIgniter->run()
 6 SYSTEMPATH\Commands\Server\rewrite.php(47): require_once('FCPATH\\index.php')
CRITICAL - 2023-06-12 08:10:29 --> Undefined variable $data
in APPPATH\Controllers\Autentifikasi.php on line 36.
 1 APPPATH\Controllers\Autentifikasi.php(36): CodeIgniter\Debug\Exceptions->errorHandler(2, 'Undefined variable $data', 'APPPATH\\Controllers\\Autentifikasi.php', 36)
 2 SYSTEMPATH\CodeIgniter.php(934): App\Controllers\Autentifikasi->index()
 3 SYSTEMPATH\CodeIgniter.php(499): CodeIgniter\CodeIgniter->runController(Object(App\Controllers\Autentifikasi))
 4 SYSTEMPATH\CodeIgniter.php(368): CodeIgniter\CodeIgniter->handleRequest(null, Object(Config\Cache), false)
 5 FCPATH\index.php(67): CodeIgniter\CodeIgniter->run()
 6 SYSTEMPATH\Commands\Server\rewrite.php(47): require_once('FCPATH\\index.php')
CRITICAL - 2023-06-12 08:10:32 --> Undefined variable $data
in APPPATH\Controllers\Autentifikasi.php on line 36.
 1 APPPATH\Controllers\Autentifikasi.php(36): CodeIgniter\Debug\Exceptions->errorHandler(2, 'Undefined variable $data', 'APPPATH\\Controllers\\Autentifikasi.php', 36)
 2 SYSTEMPATH\CodeIgniter.php(934): App\Controllers\Autentifikasi->index()
 3 SYSTEMPATH\CodeIgniter.php(499): CodeIgniter\CodeIgniter->runController(Object(App\Controllers\Autentifikasi))
 4 SYSTEMPATH\CodeIgniter.php(368): CodeIgniter\CodeIgniter->handleRequest(null, Object(Config\Cache), false)
 5 FCPATH\index.php(67): CodeIgniter\CodeIgniter->run()
 6 SYSTEMPATH\Commands\Server\rewrite.php(47): require_once('FCPATH\\index.php')
CRITICAL - 2023-06-12 08:10:33 --> Undefined variable $data
in APPPATH\Controllers\Autentifikasi.php on line 36.
 1 APPPATH\Controllers\Autentifikasi.php(36): CodeIgniter\Debug\Exceptions->errorHandler(2, 'Undefined variable $data', 'APPPATH\\Controllers\\Autentifikasi.php', 36)
 2 SYSTEMPATH\CodeIgniter.php(934): App\Controllers\Autentifikasi->index()
 3 SYSTEMPATH\CodeIgniter.php(499): CodeIgniter\CodeIgniter->runController(Object(App\Controllers\Autentifikasi))
 4 SYSTEMPATH\CodeIgniter.php(368): CodeIgniter\CodeIgniter->handleRequest(null, Object(Config\Cache), false)
 5 FCPATH\index.php(67): CodeIgniter\CodeIgniter->run()
 6 SYSTEMPATH\Commands\Server\rewrite.php(47): require_once('FCPATH\\index.php')
CRITICAL - 2023-06-12 08:10:33 --> Undefined variable $data
in APPPATH\Controllers\Autentifikasi.php on line 36.
 1 APPPATH\Controllers\Autentifikasi.php(36): CodeIgniter\Debug\Exceptions->errorHandler(2, 'Undefined variable $data', 'APPPATH\\Controllers\\Autentifikasi.php', 36)
 2 SYSTEMPATH\CodeIgniter.php(934): App\Controllers\Autentifikasi->index()
 3 SYSTEMPATH\CodeIgniter.php(499): CodeIgniter\CodeIgniter->runController(Object(App\Controllers\Autentifikasi))
 4 SYSTEMPATH\CodeIgniter.php(368): CodeIgniter\CodeIgniter->handleRequest(null, Object(Config\Cache), false)
 5 FCPATH\index.php(67): CodeIgniter\CodeIgniter->run()
 6 SYSTEMPATH\Commands\Server\rewrite.php(47): require_once('FCPATH\\index.php')
CRITICAL - 2023-06-12 08:10:33 --> Undefined variable $data
in APPPATH\Controllers\Autentifikasi.php on line 36.
 1 APPPATH\Controllers\Autentifikasi.php(36): CodeIgniter\Debug\Exceptions->errorHandler(2, 'Undefined variable $data', 'APPPATH\\Controllers\\Autentifikasi.php', 36)
 2 SYSTEMPATH\CodeIgniter.php(934): App\Controllers\Autentifikasi->index()
 3 SYSTEMPATH\CodeIgniter.php(499): CodeIgniter\CodeIgniter->runController(Object(App\Controllers\Autentifikasi))
 4 SYSTEMPATH\CodeIgniter.php(368): CodeIgniter\CodeIgniter->handleRequest(null, Object(Config\Cache), false)
 5 FCPATH\index.php(67): CodeIgniter\CodeIgniter->run()
 6 SYSTEMPATH\Commands\Server\rewrite.php(47): require_once('FCPATH\\index.php')
CRITICAL - 2023-06-12 08:10:34 --> Undefined variable $data
in APPPATH\Controllers\Autentifikasi.php on line 36.
 1 APPPATH\Controllers\Autentifikasi.php(36): CodeIgniter\Debug\Exceptions->errorHandler(2, 'Undefined variable $data', 'APPPATH\\Controllers\\Autentifikasi.php', 36)
 2 SYSTEMPATH\CodeIgniter.php(934): App\Controllers\Autentifikasi->index()
 3 SYSTEMPATH\CodeIgniter.php(499): CodeIgniter\CodeIgniter->runController(Object(App\Controllers\Autentifikasi))
 4 SYSTEMPATH\CodeIgniter.php(368): CodeIgniter\CodeIgniter->handleRequest(null, Object(Config\Cache), false)
 5 FCPATH\index.php(67): CodeIgniter\CodeIgniter->run()
 6 SYSTEMPATH\Commands\Server\rewrite.php(47): require_once('FCPATH\\index.php')
CRITICAL - 2023-06-12 08:10:34 --> Undefined variable $data
in APPPATH\Controllers\Autentifikasi.php on line 36.
 1 APPPATH\Controllers\Autentifikasi.php(36): CodeIgniter\Debug\Exceptions->errorHandler(2, 'Undefined variable $data', 'APPPATH\\Controllers\\Autentifikasi.php', 36)
 2 SYSTEMPATH\CodeIgniter.php(934): App\Controllers\Autentifikasi->index()
 3 SYSTEMPATH\CodeIgniter.php(499): CodeIgniter\CodeIgniter->runController(Object(App\Controllers\Autentifikasi))
 4 SYSTEMPATH\CodeIgniter.php(368): CodeIgniter\CodeIgniter->handleRequest(null, Object(Config\Cache), false)
 5 FCPATH\index.php(67): CodeIgniter\CodeIgniter->run()
 6 SYSTEMPATH\Commands\Server\rewrite.php(47): require_once('FCPATH\\index.php')
CRITICAL - 2023-06-12 08:12:32 --> Undefined variable $judul
in APPPATH\Views\templates\aute_header.php on line 9.
 1 APPPATH\Views\templates\aute_header.php(9): CodeIgniter\Debug\Exceptions->errorHandler(2, 'Undefined variable $judul', 'APPPATH\\Views\\templates\\aute_header.php', 9)
 2 SYSTEMPATH\View\View.php(213): include('APPPATH\\Views\\templates\\aute_header.php')
 3 SYSTEMPATH\View\View.php(216): CodeIgniter\View\View->CodeIgniter\View\{closure}()
 4 SYSTEMPATH\Common.php(1184): CodeIgniter\View\View->render('templates/aute_header', [], true)
 5 APPPATH\Controllers\Autentifikasi.php(36): view('templates/aute_header')
 6 SYSTEMPATH\CodeIgniter.php(934): App\Controllers\Autentifikasi->index()
 7 SYSTEMPATH\CodeIgniter.php(499): CodeIgniter\CodeIgniter->runController(Object(App\Controllers\Autentifikasi))
 8 SYSTEMPATH\CodeIgniter.php(368): CodeIgniter\CodeIgniter->handleRequest(null, Object(Config\Cache), false)
 9 FCPATH\index.php(67): CodeIgniter\CodeIgniter->run()
10 SYSTEMPATH\Commands\Server\rewrite.php(47): require_once('FCPATH\\index.php')
CRITICAL - 2023-06-12 08:13:44 --> Undefined variable $judul
in APPPATH\Views\templates\aute_header.php on line 9.
 1 APPPATH\Views\templates\aute_header.php(9): CodeIgniter\Debug\Exceptions->errorHandler(2, 'Undefined variable $judul', 'APPPATH\\Views\\templates\\aute_header.php', 9)
 2 SYSTEMPATH\View\View.php(213): include('APPPATH\\Views\\templates\\aute_header.php')
 3 SYSTEMPATH\View\View.php(216): CodeIgniter\View\View->CodeIgniter\View\{closure}()
 4 SYSTEMPATH\Common.php(1184): CodeIgniter\View\View->render('templates/aute_header', [], true)
 5 APPPATH\Controllers\Autentifikasi.php(36): view('templates/aute_header')
 6 SYSTEMPATH\CodeIgniter.php(934): App\Controllers\Autentifikasi->index()
 7 SYSTEMPATH\CodeIgniter.php(499): CodeIgniter\CodeIgniter->runController(Object(App\Controllers\Autentifikasi))
 8 SYSTEMPATH\CodeIgniter.php(368): CodeIgniter\CodeIgniter->handleRequest(null, Object(Config\Cache), false)
 9 FCPATH\index.php(67): CodeIgniter\CodeIgniter->run()
10 SYSTEMPATH\Commands\Server\rewrite.php(47): require_once('FCPATH\\index.php')
CRITICAL - 2023-06-12 08:13:56 --> Undefined variable $judul
in APPPATH\Views\templates\aute_header.php on line 9.
 1 APPPATH\Views\templates\aute_header.php(9): CodeIgniter\Debug\Exceptions->errorHandler(2, 'Undefined variable $judul', 'APPPATH\\Views\\templates\\aute_header.php', 9)
 2 SYSTEMPATH\View\View.php(213): include('APPPATH\\Views\\templates\\aute_header.php')
 3 SYSTEMPATH\View\View.php(216): CodeIgniter\View\View->CodeIgniter\View\{closure}()
 4 SYSTEMPATH\Common.php(1184): CodeIgniter\View\View->render('templates/aute_header', [], true)
 5 APPPATH\Controllers\Autentifikasi.php(36): view('templates/aute_header')
 6 SYSTEMPATH\CodeIgniter.php(934): App\Controllers\Autentifikasi->index()
 7 SYSTEMPATH\CodeIgniter.php(499): CodeIgniter\CodeIgniter->runController(Object(App\Controllers\Autentifikasi))
 8 SYSTEMPATH\CodeIgniter.php(368): CodeIgniter\CodeIgniter->handleRequest(null, Object(Config\Cache), false)
 9 FCPATH\index.php(67): CodeIgniter\CodeIgniter->run()
10 SYSTEMPATH\Commands\Server\rewrite.php(47): require_once('FCPATH\\index.php')
CRITICAL - 2023-06-12 08:13:57 --> Undefined variable $judul
in APPPATH\Views\templates\aute_header.php on line 9.
 1 APPPATH\Views\templates\aute_header.php(9): CodeIgniter\Debug\Exceptions->errorHandler(2, 'Undefined variable $judul', 'APPPATH\\Views\\templates\\aute_header.php', 9)
 2 SYSTEMPATH\View\View.php(213): include('APPPATH\\Views\\templates\\aute_header.php')
 3 SYSTEMPATH\View\View.php(216): CodeIgniter\View\View->CodeIgniter\View\{closure}()
 4 SYSTEMPATH\Common.php(1184): CodeIgniter\View\View->render('templates/aute_header', [], true)
 5 APPPATH\Controllers\Autentifikasi.php(36): view('templates/aute_header')
 6 SYSTEMPATH\CodeIgniter.php(934): App\Controllers\Autentifikasi->index()
 7 SYSTEMPATH\CodeIgniter.php(499): CodeIgniter\CodeIgniter->runController(Object(App\Controllers\Autentifikasi))
 8 SYSTEMPATH\CodeIgniter.php(368): CodeIgniter\CodeIgniter->handleRequest(null, Object(Config\Cache), false)
 9 FCPATH\index.php(67): CodeIgniter\CodeIgniter->run()
10 SYSTEMPATH\Commands\Server\rewrite.php(47): require_once('FCPATH\\index.php')
CRITICAL - 2023-06-12 08:16:41 --> Undefined variable $judul
in APPPATH\Views\templates\aute_header.php on line 9.
 1 APPPATH\Views\templates\aute_header.php(9): CodeIgniter\Debug\Exceptions->errorHandler(2, 'Undefined variable $judul', 'APPPATH\\Views\\templates\\aute_header.php', 9)
 2 SYSTEMPATH\View\View.php(213): include('APPPATH\\Views\\templates\\aute_header.php')
 3 SYSTEMPATH\View\View.php(216): CodeIgniter\View\View->CodeIgniter\View\{closure}()
 4 SYSTEMPATH\Common.php(1184): CodeIgniter\View\View->render('templates/aute_header', [], true)
 5 APPPATH\Controllers\Autentifikasi.php(36): view('templates/aute_header')
 6 SYSTEMPATH\CodeIgniter.php(934): App\Controllers\Autentifikasi->index()
 7 SYSTEMPATH\CodeIgniter.php(499): CodeIgniter\CodeIgniter->runController(Object(App\Controllers\Autentifikasi))
 8 SYSTEMPATH\CodeIgniter.php(368): CodeIgniter\CodeIgniter->handleRequest(null, Object(Config\Cache), false)
 9 FCPATH\index.php(67): CodeIgniter\CodeIgniter->run()
10 SYSTEMPATH\Commands\Server\rewrite.php(47): require_once('FCPATH\\index.php')
CRITICAL - 2023-06-12 08:16:41 --> Undefined variable $judul
in APPPATH\Views\templates\aute_header.php on line 9.
 1 APPPATH\Views\templates\aute_header.php(9): CodeIgniter\Debug\Exceptions->errorHandler(2, 'Undefined variable $judul', 'APPPATH\\Views\\templates\\aute_header.php', 9)
 2 SYSTEMPATH\View\View.php(213): include('APPPATH\\Views\\templates\\aute_header.php')
 3 SYSTEMPATH\View\View.php(216): CodeIgniter\View\View->CodeIgniter\View\{closure}()
 4 SYSTEMPATH\Common.php(1184): CodeIgniter\View\View->render('templates/aute_header', [], true)
 5 APPPATH\Controllers\Autentifikasi.php(36): view('templates/aute_header')
 6 SYSTEMPATH\CodeIgniter.php(934): App\Controllers\Autentifikasi->index()
 7 SYSTEMPATH\CodeIgniter.php(499): CodeIgniter\CodeIgniter->runController(Object(App\Controllers\Autentifikasi))
 8 SYSTEMPATH\CodeIgniter.php(368): CodeIgniter\CodeIgniter->handleRequest(null, Object(Config\Cache), false)
 9 FCPATH\index.php(67): CodeIgniter\CodeIgniter->run()
10 SYSTEMPATH\Commands\Server\rewrite.php(47): require_once('FCPATH\\index.php')
CRITICAL - 2023-06-12 08:17:56 --> Class "App\Controllers\Controller" not found
in APPPATH\Controllers\Autentifikasi.php on line 8.
 1 SYSTEMPATH\Autoloader\Autoloader.php(312): include_once()
 2 SYSTEMPATH\Autoloader\Autoloader.php(289): CodeIgniter\Autoloader\Autoloader->includeFile('APPPATH\\Controllers\\Autentifikasi.php')
 3 SYSTEMPATH\Autoloader\Autoloader.php(267): CodeIgniter\Autoloader\Autoloader->loadInNamespace('App\\Controllers\\Autentifikasi')
 4 [internal function]: CodeIgniter\Autoloader\Autoloader->loadClass('App\\Controllers\\Autentifikasi')
 5 SYSTEMPATH\CodeIgniter.php(892): class_exists('\\App\\Controllers\\Autentifikasi', true)
 6 SYSTEMPATH\CodeIgniter.php(486): CodeIgniter\CodeIgniter->startController()
 7 SYSTEMPATH\CodeIgniter.php(368): CodeIgniter\CodeIgniter->handleRequest(null, Object(Config\Cache), false)
 8 FCPATH\index.php(67): CodeIgniter\CodeIgniter->run()
 9 SYSTEMPATH\Commands\Server\rewrite.php(47): require_once('FCPATH\\index.php')
CRITICAL - 2023-06-12 08:17:57 --> Class "App\Controllers\Controller" not found
in APPPATH\Controllers\Autentifikasi.php on line 8.
 1 SYSTEMPATH\Autoloader\Autoloader.php(312): include_once()
 2 SYSTEMPATH\Autoloader\Autoloader.php(289): CodeIgniter\Autoloader\Autoloader->includeFile('APPPATH\\Controllers\\Autentifikasi.php')
 3 SYSTEMPATH\Autoloader\Autoloader.php(267): CodeIgniter\Autoloader\Autoloader->loadInNamespace('App\\Controllers\\Autentifikasi')
 4 [internal function]: CodeIgniter\Autoloader\Autoloader->loadClass('App\\Controllers\\Autentifikasi')
 5 SYSTEMPATH\CodeIgniter.php(892): class_exists('\\App\\Controllers\\Autentifikasi', true)
 6 SYSTEMPATH\CodeIgniter.php(486): CodeIgniter\CodeIgniter->startController()
 7 SYSTEMPATH\CodeIgniter.php(368): CodeIgniter\CodeIgniter->handleRequest(null, Object(Config\Cache), false)
 8 FCPATH\index.php(67): CodeIgniter\CodeIgniter->run()
 9 SYSTEMPATH\Commands\Server\rewrite.php(47): require_once('FCPATH\\index.php')
CRITICAL - 2023-06-12 08:17:58 --> Class "App\Controllers\Controller" not found
in APPPATH\Controllers\Autentifikasi.php on line 8.
 1 SYSTEMPATH\Autoloader\Autoloader.php(312): include_once()
 2 SYSTEMPATH\Autoloader\Autoloader.php(289): CodeIgniter\Autoloader\Autoloader->includeFile('APPPATH\\Controllers\\Autentifikasi.php')
 3 SYSTEMPATH\Autoloader\Autoloader.php(267): CodeIgniter\Autoloader\Autoloader->loadInNamespace('App\\Controllers\\Autentifikasi')
 4 [internal function]: CodeIgniter\Autoloader\Autoloader->loadClass('App\\Controllers\\Autentifikasi')
 5 SYSTEMPATH\CodeIgniter.php(892): class_exists('\\App\\Controllers\\Autentifikasi', true)
 6 SYSTEMPATH\CodeIgniter.php(486): CodeIgniter\CodeIgniter->startController()
 7 SYSTEMPATH\CodeIgniter.php(368): CodeIgniter\CodeIgniter->handleRequest(null, Object(Config\Cache), false)
 8 FCPATH\index.php(67): CodeIgniter\CodeIgniter->run()
 9 SYSTEMPATH\Commands\Server\rewrite.php(47): require_once('FCPATH\\index.php')
CRITICAL - 2023-06-12 08:17:58 --> Class "App\Controllers\Controller" not found
in APPPATH\Controllers\Autentifikasi.php on line 8.
 1 SYSTEMPATH\Autoloader\Autoloader.php(312): include_once()
 2 SYSTEMPATH\Autoloader\Autoloader.php(289): CodeIgniter\Autoloader\Autoloader->includeFile('APPPATH\\Controllers\\Autentifikasi.php')
 3 SYSTEMPATH\Autoloader\Autoloader.php(267): CodeIgniter\Autoloader\Autoloader->loadInNamespace('App\\Controllers\\Autentifikasi')
 4 [internal function]: CodeIgniter\Autoloader\Autoloader->loadClass('App\\Controllers\\Autentifikasi')
 5 SYSTEMPATH\CodeIgniter.php(892): class_exists('\\App\\Controllers\\Autentifikasi', true)
 6 SYSTEMPATH\CodeIgniter.php(486): CodeIgniter\CodeIgniter->startController()
 7 SYSTEMPATH\CodeIgniter.php(368): CodeIgniter\CodeIgniter->handleRequest(null, Object(Config\Cache), false)
 8 FCPATH\index.php(67): CodeIgniter\CodeIgniter->run()
 9 SYSTEMPATH\Commands\Server\rewrite.php(47): require_once('FCPATH\\index.php')
CRITICAL - 2023-06-12 08:17:58 --> Class "App\Controllers\Controller" not found
in APPPATH\Controllers\Autentifikasi.php on line 8.
 1 SYSTEMPATH\Autoloader\Autoloader.php(312): include_once()
 2 SYSTEMPATH\Autoloader\Autoloader.php(289): CodeIgniter\Autoloader\Autoloader->includeFile('APPPATH\\Controllers\\Autentifikasi.php')
 3 SYSTEMPATH\Autoloader\Autoloader.php(267): CodeIgniter\Autoloader\Autoloader->loadInNamespace('App\\Controllers\\Autentifikasi')
 4 [internal function]: CodeIgniter\Autoloader\Autoloader->loadClass('App\\Controllers\\Autentifikasi')
 5 SYSTEMPATH\CodeIgniter.php(892): class_exists('\\App\\Controllers\\Autentifikasi', true)
 6 SYSTEMPATH\CodeIgniter.php(486): CodeIgniter\CodeIgniter->startController()
 7 SYSTEMPATH\CodeIgniter.php(368): CodeIgniter\CodeIgniter->handleRequest(null, Object(Config\Cache), false)
 8 FCPATH\index.php(67): CodeIgniter\CodeIgniter->run()
 9 SYSTEMPATH\Commands\Server\rewrite.php(47): require_once('FCPATH\\index.php')
CRITICAL - 2023-06-12 08:21:17 --> Undefined property: CodeIgniter\View\View::$session
in APPPATH\Views\autentifikasi\login.php on line 12.
 1 APPPATH\Views\autentifikasi\login.php(12): CodeIgniter\Debug\Exceptions->errorHandler(2, 'Undefined property: CodeIgniter\\View\\View::$session', 'APPPATH\\Views\\autentifikasi\\login.php', 12)
 2 SYSTEMPATH\View\View.php(213): include('APPPATH\\Views\\autentifikasi\\login.php')
 3 SYSTEMPATH\View\View.php(216): CodeIgniter\View\View->CodeIgniter\View\{closure}()
 4 SYSTEMPATH\Common.php(1184): CodeIgniter\View\View->render('autentifikasi/login', [], true)
 5 APPPATH\Controllers\Autentifikasi.php(31): view('autentifikasi/login')
 6 SYSTEMPATH\CodeIgniter.php(934): App\Controllers\Autentifikasi->index()
 7 SYSTEMPATH\CodeIgniter.php(499): CodeIgniter\CodeIgniter->runController(Object(App\Controllers\Autentifikasi))
 8 SYSTEMPATH\CodeIgniter.php(368): CodeIgniter\CodeIgniter->handleRequest(null, Object(Config\Cache), false)
 9 FCPATH\index.php(67): CodeIgniter\CodeIgniter->run()
10 SYSTEMPATH\Commands\Server\rewrite.php(47): require_once('FCPATH\\index.php')
CRITICAL - 2023-06-12 08:24:40 --> Undefined variable $judul
in APPPATH\Views\templates\aute_header.php on line 9.
 1 APPPATH\Views\templates\aute_header.php(9): CodeIgniter\Debug\Exceptions->errorHandler(2, 'Undefined variable $judul', 'APPPATH\\Views\\templates\\aute_header.php', 9)
 2 SYSTEMPATH\View\View.php(213): include('APPPATH\\Views\\templates\\aute_header.php')
 3 SYSTEMPATH\View\View.php(216): CodeIgniter\View\View->CodeIgniter\View\{closure}()
 4 SYSTEMPATH\Common.php(1184): CodeIgniter\View\View->render('templates/aute_header', [], true)
 5 APPPATH\Controllers\Autentifikasi.php(30): view('templates/aute_header')
 6 SYSTEMPATH\CodeIgniter.php(934): App\Controllers\Autentifikasi->index()
 7 SYSTEMPATH\CodeIgniter.php(499): CodeIgniter\CodeIgniter->runController(Object(App\Controllers\Autentifikasi))
 8 SYSTEMPATH\CodeIgniter.php(368): CodeIgniter\CodeIgniter->handleRequest(null, Object(Config\Cache), false)
 9 FCPATH\index.php(67): CodeIgniter\CodeIgniter->run()
10 SYSTEMPATH\Commands\Server\rewrite.php(47): require_once('FCPATH\\index.php')
CRITICAL - 2023-06-12 08:25:33 --> Undefined property: CodeIgniter\View\View::$session
in APPPATH\Views\autentifikasi\login.php on line 12.
 1 APPPATH\Views\autentifikasi\login.php(12): CodeIgniter\Debug\Exceptions->errorHandler(2, 'Undefined property: CodeIgniter\\View\\View::$session', 'APPPATH\\Views\\autentifikasi\\login.php', 12)
 2 SYSTEMPATH\View\View.php(213): include('APPPATH\\Views\\autentifikasi\\login.php')
 3 SYSTEMPATH\View\View.php(216): CodeIgniter\View\View->CodeIgniter\View\{closure}()
 4 SYSTEMPATH\Common.php(1184): CodeIgniter\View\View->render('autentifikasi/login', [], true)
 5 APPPATH\Controllers\Autentifikasi.php(31): view('autentifikasi/login')
 6 SYSTEMPATH\CodeIgniter.php(934): App\Controllers\Autentifikasi->index()
 7 SYSTEMPATH\CodeIgniter.php(499): CodeIgniter\CodeIgniter->runController(Object(App\Controllers\Autentifikasi))
 8 SYSTEMPATH\CodeIgniter.php(368): CodeIgniter\CodeIgniter->handleRequest(null, Object(Config\Cache), false)
 9 FCPATH\index.php(67): CodeIgniter\CodeIgniter->run()
10 SYSTEMPATH\Commands\Server\rewrite.php(47): require_once('FCPATH\\index.php')
CRITICAL - 2023-06-12 08:25:36 --> Undefined property: CodeIgniter\View\View::$session
in APPPATH\Views\autentifikasi\login.php on line 12.
 1 APPPATH\Views\autentifikasi\login.php(12): CodeIgniter\Debug\Exceptions->errorHandler(2, 'Undefined property: CodeIgniter\\View\\View::$session', 'APPPATH\\Views\\autentifikasi\\login.php', 12)
 2 SYSTEMPATH\View\View.php(213): include('APPPATH\\Views\\autentifikasi\\login.php')
 3 SYSTEMPATH\View\View.php(216): CodeIgniter\View\View->CodeIgniter\View\{closure}()
 4 SYSTEMPATH\Common.php(1184): CodeIgniter\View\View->render('autentifikasi/login', [], true)
 5 APPPATH\Controllers\Autentifikasi.php(31): view('autentifikasi/login')
 6 SYSTEMPATH\CodeIgniter.php(934): App\Controllers\Autentifikasi->index()
 7 SYSTEMPATH\CodeIgniter.php(499): CodeIgniter\CodeIgniter->runController(Object(App\Controllers\Autentifikasi))
 8 SYSTEMPATH\CodeIgniter.php(368): CodeIgniter\CodeIgniter->handleRequest(null, Object(Config\Cache), false)
 9 FCPATH\index.php(67): CodeIgniter\CodeIgniter->run()
10 SYSTEMPATH\Commands\Server\rewrite.php(47): require_once('FCPATH\\index.php')
CRITICAL - 2023-06-12 08:28:44 --> Undefined variable $judul
in APPPATH\Views\templates\aute_header.php on line 9.
 1 APPPATH\Views\templates\aute_header.php(9): CodeIgniter\Debug\Exceptions->errorHandler(2, 'Undefined variable $judul', 'APPPATH\\Views\\templates\\aute_header.php', 9)
 2 SYSTEMPATH\View\View.php(213): include('APPPATH\\Views\\templates\\aute_header.php')
 3 SYSTEMPATH\View\View.php(216): CodeIgniter\View\View->CodeIgniter\View\{closure}()
 4 SYSTEMPATH\Common.php(1184): CodeIgniter\View\View->render('templates/aute_header', [], true)
 5 APPPATH\Controllers\Autentifikasi.php(30): view('templates/aute_header')
 6 SYSTEMPATH\CodeIgniter.php(934): App\Controllers\Autentifikasi->index()
 7 SYSTEMPATH\CodeIgniter.php(499): CodeIgniter\CodeIgniter->runController(Object(App\Controllers\Autentifikasi))
 8 SYSTEMPATH\CodeIgniter.php(368): CodeIgniter\CodeIgniter->handleRequest(null, Object(Config\Cache), false)
 9 FCPATH\index.php(67): CodeIgniter\CodeIgniter->run()
10 SYSTEMPATH\Commands\Server\rewrite.php(47): require_once('FCPATH\\index.php')
CRITICAL - 2023-06-12 08:31:39 --> Undefined property: App\Controllers\Autentifikasi::$load
in APPPATH\Controllers\Autentifikasi.php on line 36.
 1 APPPATH\Controllers\Autentifikasi.php(36): CodeIgniter\Debug\Exceptions->errorHandler(2, 'Undefined property: App\\Controllers\\Autentifikasi::$load', 'APPPATH\\Controllers\\Autentifikasi.php', 36)
 2 SYSTEMPATH\CodeIgniter.php(934): App\Controllers\Autentifikasi->index()
 3 SYSTEMPATH\CodeIgniter.php(499): CodeIgniter\CodeIgniter->runController(Object(App\Controllers\Autentifikasi))
 4 SYSTEMPATH\CodeIgniter.php(368): CodeIgniter\CodeIgniter->handleRequest(null, Object(Config\Cache), false)
 5 FCPATH\index.php(67): CodeIgniter\CodeIgniter->run()
 6 SYSTEMPATH\Commands\Server\rewrite.php(47): require_once('FCPATH\\index.php')
CRITICAL - 2023-06-12 08:33:18 --> Undefined property: App\Controllers\Autentifikasi::$load
in APPPATH\Controllers\Autentifikasi.php on line 36.
 1 APPPATH\Controllers\Autentifikasi.php(36): CodeIgniter\Debug\Exceptions->errorHandler(2, 'Undefined property: App\\Controllers\\Autentifikasi::$load', 'APPPATH\\Controllers\\Autentifikasi.php', 36)
 2 SYSTEMPATH\CodeIgniter.php(934): App\Controllers\Autentifikasi->index()
 3 SYSTEMPATH\CodeIgniter.php(499): CodeIgniter\CodeIgniter->runController(Object(App\Controllers\Autentifikasi))
 4 SYSTEMPATH\CodeIgniter.php(368): CodeIgniter\CodeIgniter->handleRequest(null, Object(Config\Cache), false)
 5 FCPATH\index.php(67): CodeIgniter\CodeIgniter->run()
 6 SYSTEMPATH\Commands\Server\rewrite.php(47): require_once('FCPATH\\index.php')
CRITICAL - 2023-06-12 08:36:56 --> Undefined variable $judul
in APPPATH\Views\templates\aute_header.php on line 9.
 1 APPPATH\Views\templates\aute_header.php(9): CodeIgniter\Debug\Exceptions->errorHandler(2, 'Undefined variable $judul', 'APPPATH\\Views\\templates\\aute_header.php', 9)
 2 SYSTEMPATH\View\View.php(213): include('APPPATH\\Views\\templates\\aute_header.php')
 3 SYSTEMPATH\View\View.php(216): CodeIgniter\View\View->CodeIgniter\View\{closure}()
 4 SYSTEMPATH\Common.php(1184): CodeIgniter\View\View->render('templates/aute_header', [], true)
 5 APPPATH\Controllers\Autentifikasi.php(30): view('templates/aute_header')
 6 SYSTEMPATH\CodeIgniter.php(934): App\Controllers\Autentifikasi->index()
 7 SYSTEMPATH\CodeIgniter.php(499): CodeIgniter\CodeIgniter->runController(Object(App\Controllers\Autentifikasi))
 8 SYSTEMPATH\CodeIgniter.php(368): CodeIgniter\CodeIgniter->handleRequest(null, Object(Config\Cache), false)
 9 FCPATH\index.php(67): CodeIgniter\CodeIgniter->run()
10 SYSTEMPATH\Commands\Server\rewrite.php(47): require_once('FCPATH\\index.php')
CRITICAL - 2023-06-12 08:37:21 --> Undefined variable $judul
in APPPATH\Views\templates\aute_header.php on line 9.
 1 APPPATH\Views\templates\aute_header.php(9): CodeIgniter\Debug\Exceptions->errorHandler(2, 'Undefined variable $judul', 'APPPATH\\Views\\templates\\aute_header.php', 9)
 2 SYSTEMPATH\View\View.php(213): include('APPPATH\\Views\\templates\\aute_header.php')
 3 SYSTEMPATH\View\View.php(216): CodeIgniter\View\View->CodeIgniter\View\{closure}()
 4 SYSTEMPATH\Common.php(1184): CodeIgniter\View\View->render('templates/aute_header', [], true)
 5 APPPATH\Controllers\Autentifikasi.php(30): view('templates/aute_header')
 6 SYSTEMPATH\CodeIgniter.php(934): App\Controllers\Autentifikasi->index()
 7 SYSTEMPATH\CodeIgniter.php(499): CodeIgniter\CodeIgniter->runController(Object(App\Controllers\Autentifikasi))
 8 SYSTEMPATH\CodeIgniter.php(368): CodeIgniter\CodeIgniter->handleRequest(null, Object(Config\Cache), false)
 9 FCPATH\index.php(67): CodeIgniter\CodeIgniter->run()
10 SYSTEMPATH\Commands\Server\rewrite.php(47): require_once('FCPATH\\index.php')
CRITICAL - 2023-06-12 08:37:52 --> Undefined variable $judul
in APPPATH\Views\templates\aute_header.php on line 9.
 1 APPPATH\Views\templates\aute_header.php(9): CodeIgniter\Debug\Exceptions->errorHandler(2, 'Undefined variable $judul', 'APPPATH\\Views\\templates\\aute_header.php', 9)
 2 SYSTEMPATH\View\View.php(213): include('APPPATH\\Views\\templates\\aute_header.php')
 3 SYSTEMPATH\View\View.php(216): CodeIgniter\View\View->CodeIgniter\View\{closure}()
 4 SYSTEMPATH\Common.php(1184): CodeIgniter\View\View->render('templates/aute_header', [], true)
 5 APPPATH\Controllers\Autentifikasi.php(30): view('templates/aute_header')
 6 SYSTEMPATH\CodeIgniter.php(934): App\Controllers\Autentifikasi->index()
 7 SYSTEMPATH\CodeIgniter.php(499): CodeIgniter\CodeIgniter->runController(Object(App\Controllers\Autentifikasi))
 8 SYSTEMPATH\CodeIgniter.php(368): CodeIgniter\CodeIgniter->handleRequest(null, Object(Config\Cache), false)
 9 FCPATH\index.php(67): CodeIgniter\CodeIgniter->run()
10 SYSTEMPATH\Commands\Server\rewrite.php(47): require_once('FCPATH\\index.php')
CRITICAL - 2023-06-12 08:47:10 --> Undefined property: CodeIgniter\View\View::$session
in APPPATH\Views\autentifikasi\coba2.php on line 12.
 1 APPPATH\Views\autentifikasi\coba2.php(12): CodeIgniter\Debug\Exceptions->errorHandler(2, 'Undefined property: CodeIgniter\\View\\View::$session', 'APPPATH\\Views\\autentifikasi\\coba2.php', 12)
 2 SYSTEMPATH\View\View.php(213): include('APPPATH\\Views\\autentifikasi\\coba2.php')
 3 SYSTEMPATH\View\View.php(216): CodeIgniter\View\View->CodeIgniter\View\{closure}()
 4 SYSTEMPATH\Common.php(1184): CodeIgniter\View\View->render('autentifikasi/coba2', [], true)
 5 APPPATH\Controllers\Autentifikasi.php(35): view('autentifikasi/coba2')
 6 SYSTEMPATH\CodeIgniter.php(934): App\Controllers\Autentifikasi->index()
 7 SYSTEMPATH\CodeIgniter.php(499): CodeIgniter\CodeIgniter->runController(Object(App\Controllers\Autentifikasi))
 8 SYSTEMPATH\CodeIgniter.php(368): CodeIgniter\CodeIgniter->handleRequest(null, Object(Config\Cache), false)
 9 FCPATH\index.php(67): CodeIgniter\CodeIgniter->run()
10 SYSTEMPATH\Commands\Server\rewrite.php(47): require_once('FCPATH\\index.php')
CRITICAL - 2023-06-12 08:47:52 --> Undefined property: CodeIgniter\View\View::$session
in APPPATH\Views\autentifikasi\coba2.php on line 12.
 1 APPPATH\Views\autentifikasi\coba2.php(12): CodeIgniter\Debug\Exceptions->errorHandler(2, 'Undefined property: CodeIgniter\\View\\View::$session', 'APPPATH\\Views\\autentifikasi\\coba2.php', 12)
 2 SYSTEMPATH\View\View.php(213): include('APPPATH\\Views\\autentifikasi\\coba2.php')
 3 SYSTEMPATH\View\View.php(216): CodeIgniter\View\View->CodeIgniter\View\{closure}()
 4 SYSTEMPATH\Common.php(1184): CodeIgniter\View\View->render('autentifikasi/coba2', [], true)
 5 APPPATH\Controllers\Autentifikasi.php(35): view('autentifikasi/coba2')
 6 SYSTEMPATH\CodeIgniter.php(934): App\Controllers\Autentifikasi->index()
 7 SYSTEMPATH\CodeIgniter.php(499): CodeIgniter\CodeIgniter->runController(Object(App\Controllers\Autentifikasi))
 8 SYSTEMPATH\CodeIgniter.php(368): CodeIgniter\CodeIgniter->handleRequest(null, Object(Config\Cache), false)
 9 FCPATH\index.php(67): CodeIgniter\CodeIgniter->run()
10 SYSTEMPATH\Commands\Server\rewrite.php(47): require_once('FCPATH\\index.php')
CRITICAL - 2023-06-12 08:48:17 --> Undefined property: CodeIgniter\View\View::$session
in APPPATH\Views\autentifikasi\coba2.php on line 12.
 1 APPPATH\Views\autentifikasi\coba2.php(12): CodeIgniter\Debug\Exceptions->errorHandler(2, 'Undefined property: CodeIgniter\\View\\View::$session', 'APPPATH\\Views\\autentifikasi\\coba2.php', 12)
 2 SYSTEMPATH\View\View.php(213): include('APPPATH\\Views\\autentifikasi\\coba2.php')
 3 SYSTEMPATH\View\View.php(216): CodeIgniter\View\View->CodeIgniter\View\{closure}()
 4 SYSTEMPATH\Common.php(1184): CodeIgniter\View\View->render('autentifikasi/coba2', [], true)
 5 APPPATH\Controllers\Autentifikasi.php(35): view('autentifikasi/coba2')
 6 SYSTEMPATH\CodeIgniter.php(934): App\Controllers\Autentifikasi->index()
 7 SYSTEMPATH\CodeIgniter.php(499): CodeIgniter\CodeIgniter->runController(Object(App\Controllers\Autentifikasi))
 8 SYSTEMPATH\CodeIgniter.php(368): CodeIgniter\CodeIgniter->handleRequest(null, Object(Config\Cache), false)
 9 FCPATH\index.php(67): CodeIgniter\CodeIgniter->run()
10 SYSTEMPATH\Commands\Server\rewrite.php(47): require_once('FCPATH\\index.php')
CRITICAL - 2023-06-12 08:49:27 --> Undefined property: CodeIgniter\View\View::$session
in APPPATH\Views\autentifikasi\coba2.php on line 12.
 1 APPPATH\Views\autentifikasi\coba2.php(12): CodeIgniter\Debug\Exceptions->errorHandler(2, 'Undefined property: CodeIgniter\\View\\View::$session', 'APPPATH\\Views\\autentifikasi\\coba2.php', 12)
 2 SYSTEMPATH\View\View.php(213): include('APPPATH\\Views\\autentifikasi\\coba2.php')
 3 SYSTEMPATH\View\View.php(216): CodeIgniter\View\View->CodeIgniter\View\{closure}()
 4 SYSTEMPATH\Common.php(1184): CodeIgniter\View\View->render('autentifikasi/coba2', [], true)
 5 APPPATH\Controllers\Autentifikasi.php(35): view('autentifikasi/coba2')
 6 SYSTEMPATH\CodeIgniter.php(934): App\Controllers\Autentifikasi->index()
 7 SYSTEMPATH\CodeIgniter.php(499): CodeIgniter\CodeIgniter->runController(Object(App\Controllers\Autentifikasi))
 8 SYSTEMPATH\CodeIgniter.php(368): CodeIgniter\CodeIgniter->handleRequest(null, Object(Config\Cache), false)
 9 FCPATH\index.php(67): CodeIgniter\CodeIgniter->run()
10 SYSTEMPATH\Commands\Server\rewrite.php(47): require_once('FCPATH\\index.php')
CRITICAL - 2023-06-12 08:49:27 --> Undefined property: CodeIgniter\View\View::$session
in APPPATH\Views\autentifikasi\coba2.php on line 12.
 1 APPPATH\Views\autentifikasi\coba2.php(12): CodeIgniter\Debug\Exceptions->errorHandler(2, 'Undefined property: CodeIgniter\\View\\View::$session', 'APPPATH\\Views\\autentifikasi\\coba2.php', 12)
 2 SYSTEMPATH\View\View.php(213): include('APPPATH\\Views\\autentifikasi\\coba2.php')
 3 SYSTEMPATH\View\View.php(216): CodeIgniter\View\View->CodeIgniter\View\{closure}()
 4 SYSTEMPATH\Common.php(1184): CodeIgniter\View\View->render('autentifikasi/coba2', [], true)
 5 APPPATH\Controllers\Autentifikasi.php(35): view('autentifikasi/coba2')
 6 SYSTEMPATH\CodeIgniter.php(934): App\Controllers\Autentifikasi->index()
 7 SYSTEMPATH\CodeIgniter.php(499): CodeIgniter\CodeIgniter->runController(Object(App\Controllers\Autentifikasi))
 8 SYSTEMPATH\CodeIgniter.php(368): CodeIgniter\CodeIgniter->handleRequest(null, Object(Config\Cache), false)
 9 FCPATH\index.php(67): CodeIgniter\CodeIgniter->run()
10 SYSTEMPATH\Commands\Server\rewrite.php(47): require_once('FCPATH\\index.php')
CRITICAL - 2023-06-12 08:50:01 --> Undefined property: CodeIgniter\View\View::$session
in APPPATH\Views\autentifikasi\coba2.php on line 12.
 1 APPPATH\Views\autentifikasi\coba2.php(12): CodeIgniter\Debug\Exceptions->errorHandler(2, 'Undefined property: CodeIgniter\\View\\View::$session', 'APPPATH\\Views\\autentifikasi\\coba2.php', 12)
 2 SYSTEMPATH\View\View.php(213): include('APPPATH\\Views\\autentifikasi\\coba2.php')
 3 SYSTEMPATH\View\View.php(216): CodeIgniter\View\View->CodeIgniter\View\{closure}()
 4 SYSTEMPATH\Common.php(1184): CodeIgniter\View\View->render('autentifikasi/coba2', [], true)
 5 APPPATH\Controllers\Autentifikasi.php(35): view('autentifikasi/coba2')
 6 SYSTEMPATH\CodeIgniter.php(934): App\Controllers\Autentifikasi->index()
 7 SYSTEMPATH\CodeIgniter.php(499): CodeIgniter\CodeIgniter->runController(Object(App\Controllers\Autentifikasi))
 8 SYSTEMPATH\CodeIgniter.php(368): CodeIgniter\CodeIgniter->handleRequest(null, Object(Config\Cache), false)
 9 FCPATH\index.php(67): CodeIgniter\CodeIgniter->run()
10 SYSTEMPATH\Commands\Server\rewrite.php(47): require_once('FCPATH\\index.php')
CRITICAL - 2023-06-12 08:53:16 --> Call to undefined function set_value()
in APPPATH\Views\autentifikasi\coba2.php on line 17.
 1 SYSTEMPATH\View\View.php(213): include()
 2 SYSTEMPATH\View\View.php(216): CodeIgniter\View\View->CodeIgniter\View\{closure}()
 3 SYSTEMPATH\Common.php(1184): CodeIgniter\View\View->render('autentifikasi/coba2', [], true)
 4 APPPATH\Controllers\Autentifikasi.php(35): view('autentifikasi/coba2')
 5 SYSTEMPATH\CodeIgniter.php(934): App\Controllers\Autentifikasi->index()
 6 SYSTEMPATH\CodeIgniter.php(499): CodeIgniter\CodeIgniter->runController(Object(App\Controllers\Autentifikasi))
 7 SYSTEMPATH\CodeIgniter.php(368): CodeIgniter\CodeIgniter->handleRequest(null, Object(Config\Cache), false)
 8 FCPATH\index.php(67): CodeIgniter\CodeIgniter->run()
 9 SYSTEMPATH\Commands\Server\rewrite.php(47): require_once('FCPATH\\index.php')
